#-----------------------------------------------------------
# Webtalk v2017.4 (64-bit)
# SW Build 2086221 on Fri Dec 15 20:55:39 MST 2017
# 
# Start of session at: Fri Sep 24 00:21:53 2021
# Process ID: 13376
# Current directory: D:/Project/SketchSystem_Multi1080p/SketchSystem.sdk/webtalk
# Command line: wbtcv.exe -mode batch -source sdk_webtalk.tcl
# Log file: D:/Project/SketchSystem_Multi1080p/SketchSystem.sdk/webtalk/webtalk.log
# Journal file: D:/Project/SketchSystem_Multi1080p/SketchSystem.sdk/webtalk\webtalk.jou
#-----------------------------------------------------------
source sdk_webtalk.tcl
# webtalk_init -webtalk_dir D:\\Project\\SketchSystem_Multi1080p\\SketchSystem.sdk\\webtalk
# webtalk_register_client -client project
# webtalk_add_data -client project -key date_generated -value "2021-09-24 00:21:52" -context "software_version_and_target_device"
# webtalk_add_data -client project -key product_version -value "SDK v2017.4" -context "software_version_and_target_device"
# webtalk_add_data -client project -key build_version -value "2017.4" -context "software_version_and_target_device"
# webtalk_add_data -client project -key os_platform -value "amd64" -context "software_version_and_target_device"
# webtalk_add_data -client project -key registration_id -value "211705919_0_0_405" -context "software_version_and_target_device"
# webtalk_add_data -client project -key tool_flow -value "SDK" -context "software_version_and_target_device"
# webtalk_add_data -client project -key beta -value "false" -context "software_version_and_target_device"
# webtalk_add_data -client project -key route_design -value "NA" -context "software_version_and_target_device"
# webtalk_add_data -client project -key target_family -value "NA" -context "software_version_and_target_device"
# webtalk_add_data -client project -key target_device -value "NA" -context "software_version_and_target_device"
# webtalk_add_data -client project -key target_package -value "NA" -context "software_version_and_target_device"
# webtalk_add_data -client project -key target_speed -value "NA" -context "software_version_and_target_device"
# webtalk_add_data -client project -key random_id -value "n28v0ondi4evb5ajori9gtngs4" -context "software_version_and_target_device"
# webtalk_add_data -client project -key project_id -value "2017.4_6" -context "software_version_and_target_device"
# webtalk_add_data -client project -key project_iteration -value "6" -context "software_version_and_target_device"
# webtalk_add_data -client project -key os_name -value "Microsoft Windows 8 or later , 64-bit" -context "user_environment"
# webtalk_add_data -client project -key os_release -value "major release  (build 9200)" -context "user_environment"
# webtalk_add_data -client project -key cpu_name -value "AMD Ryzen 5 3500X 6-Core Processor             " -context "user_environment"
# webtalk_add_data -client project -key cpu_speed -value "3950 MHz" -context "user_environment"
# webtalk_add_data -client project -key total_processors -value "2" -context "user_environment"
# webtalk_add_data -client project -key system_ram -value "17.108 GB" -context "user_environment"
# webtalk_register_client -client sdk
# webtalk_add_data -client sdk -key uid -value "1632411222455" -context "sdk\\\\hardware/1632411222455"
# webtalk_add_data -client sdk -key isZynq -value "true" -context "sdk\\\\hardware/1632411222455"
# webtalk_add_data -client sdk -key isZynqMP -value "false" -context "sdk\\\\hardware/1632411222455"
# webtalk_add_data -client sdk -key Processors -value "2" -context "sdk\\\\hardware/1632411222455"
# webtalk_add_data -client sdk -key VivadoVersion -value "2017.4" -context "sdk\\\\hardware/1632411222455"
# webtalk_add_data -client sdk -key Arch -value "zynq" -context "sdk\\\\hardware/1632411222455"
# webtalk_add_data -client sdk -key Device -value "7z020" -context "sdk\\\\hardware/1632411222455"
# webtalk_add_data -client sdk -key IsHandoff -value "true" -context "sdk\\\\hardware/1632411222455"
# webtalk_add_data -client sdk -key os -value "NA" -context "sdk\\\\hardware/1632411222455"
# webtalk_add_data -client sdk -key apptemplate -value "NA" -context "sdk\\\\hardware/1632411222455"
# webtalk_add_data -client sdk -key RecordType -value "HWCreation" -context "sdk\\\\hardware/1632411222455"
# webtalk_add_data -client sdk -key uid -value "1632411245460" -context "sdk\\\\bsp/1632411245460"
# webtalk_add_data -client sdk -key hwid -value "1632411222455" -context "sdk\\\\bsp/1632411245460"
# webtalk_add_data -client sdk -key os -value "standalone" -context "sdk\\\\bsp/1632411245460"
# webtalk_add_data -client sdk -key apptemplate -value "empty_application" -context "sdk\\\\bsp/1632411245460"
# webtalk_add_data -client sdk -key RecordType -value "BSPCreation" -context "sdk\\\\bsp/1632411245460"
# webtalk_add_data -client sdk -key uid -value "1632411247577" -context "sdk\\\\application/1632411247577"
# webtalk_add_data -client sdk -key hwid -value "1632411222455" -context "sdk\\\\application/1632411247577"
# webtalk_add_data -client sdk -key bspid -value "1632411245460" -context "sdk\\\\application/1632411247577"
# webtalk_add_data -client sdk -key newbsp -value "true" -context "sdk\\\\application/1632411247577"
# webtalk_add_data -client sdk -key os -value "standalone" -context "sdk\\\\application/1632411247577"
# webtalk_add_data -client sdk -key apptemplate -value "empty_application" -context "sdk\\\\application/1632411247577"
# webtalk_add_data -client sdk -key RecordType -value "APPCreation" -context "sdk\\\\application/1632411247577"
# webtalk_add_data -client sdk -key LangUsed -value "C" -context "sdk\\\\application/1632411247577"
# webtalk_add_data -client sdk -key Procused -value "ps7_cortexa9" -context "sdk\\\\application/1632411247577"
# webtalk_add_data -client sdk -key projSize -value "16521.515625" -context "sdk\\\\application/1632411247577"
# webtalk_add_data -client sdk -key uid -value "NA" -context "sdk\\\\bsp/1632414112351"
# webtalk_add_data -client sdk -key RecordType -value "ToolUsage" -context "sdk\\\\bsp/1632414112351"
# webtalk_add_data -client sdk -key BootgenCount -value "0" -context "sdk\\\\bsp/1632414112351"
# webtalk_add_data -client sdk -key DebugCount -value "9" -context "sdk\\\\bsp/1632414112351"
# webtalk_add_data -client sdk -key PerfCount -value "0" -context "sdk\\\\bsp/1632414112351"
# webtalk_add_data -client sdk -key FlashCount -value "0" -context "sdk\\\\bsp/1632414112351"
# webtalk_add_data -client sdk -key CrossTriggCount -value "0" -context "sdk\\\\bsp/1632414112351"
# webtalk_add_data -client sdk -key QemuDebugCount -value "0" -context "sdk\\\\bsp/1632414112351"
# webtalk_transmit -clientid 1495587370 -regid "211705919_0_0_405" -xml D:\\Project\\SketchSystem_Multi1080p\\SketchSystem.sdk\\webtalk\\usage_statistics_ext_sdk.xml -html D:\\Project\\SketchSystem_Multi1080p\\SketchSystem.sdk\\webtalk\\usage_statistics_ext_sdk.html -wdm D:\\Project\\SketchSystem_Multi1080p\\SketchSystem.sdk\\webtalk\\sdk_webtalk.wdm -intro "<H3>SDK Usage Report</H3><BR>"
# webtalk_terminate
INFO: [Common 17-206] Exiting Webtalk at Fri Sep 24 00:21:53 2021...
