Copyright 1986-2017 Xilinx, Inc. All Rights Reserved.
------------------------------------------------------------------------------------
| Tool Version : Vivado v.2017.4 (win64) Build 2086221 Fri Dec 15 20:55:39 MST 2017
| Date         : Sat Sep 25 18:29:45 2021
| Host         : DESKTOP-AC8B3K3 running 64-bit major release  (build 9200)
| Command      : upgrade_ip
| Device       : xc7z020clg484-1
------------------------------------------------------------------------------------

Upgrade Log for IP 'system_SketchIP_1080p_0_1'

1. Summary
----------

SUCCESS in the upgrade of system_SketchIP_1080p_0_1 from xilinx.com:user:SketchIP_1080p:1.7 (Rev. 12) to xilinx.com:user:SketchIP_1080p:1.8 (Rev. 13)






Copyright 1986-2017 Xilinx, Inc. All Rights Reserved.
------------------------------------------------------------------------------------
| Tool Version : Vivado v.2017.4 (win64) Build 2086221 Fri Dec 15 20:55:39 MST 2017
| Date         : Sun Jul 25 19:32:36 2021
| Host         : DESKTOP-RE08DTS running 64-bit major release  (build 9200)
| Command      : upgrade_ip
| Device       : xc7z020clg484-1
------------------------------------------------------------------------------------

Upgrade Log for IP 'system_SketchIP_1080p_0_1'

1. Summary
----------

SUCCESS in the upgrade of system_SketchIP_1080p_0_1 from xilinx.com:user:SketchIP_1080p:1.6 (Rev. 11) to xilinx.com:user:SketchIP_1080p:1.7 (Rev. 12)






Copyright 1986-2017 Xilinx, Inc. All Rights Reserved.
------------------------------------------------------------------------------------
| Tool Version : Vivado v.2017.4 (win64) Build 2086221 Fri Dec 15 20:55:39 MST 2017
| Date         : Thu Jul 22 19:26:56 2021
| Host         : DESKTOP-RE08DTS running 64-bit major release  (build 9200)
| Command      : upgrade_ip
| Device       : xc7z020clg484-1
------------------------------------------------------------------------------------

Upgrade Log for IP 'system_SketchIP_1080p_0_1'

1. Summary
----------

SUCCESS in the upgrade of system_SketchIP_1080p_0_1 from xilinx.com:user:SketchIP_1080p:1.5 (Rev. 10) to xilinx.com:user:SketchIP_1080p:1.6 (Rev. 11)






Copyright 1986-2017 Xilinx, Inc. All Rights Reserved.
------------------------------------------------------------------------------------
| Tool Version : Vivado v.2017.4 (win64) Build 2086221 Fri Dec 15 20:55:39 MST 2017
| Date         : Wed Jul 21 21:57:24 2021
| Host         : DESKTOP-RE08DTS running 64-bit major release  (build 9200)
| Command      : upgrade_ip
| Device       : xc7z020clg484-1
------------------------------------------------------------------------------------

Upgrade Log for IP 'system_SketchIP_1080p_0_1'

1. Summary
----------

SUCCESS in the upgrade of system_SketchIP_1080p_0_1 from xilinx.com:user:SketchIP_1080p:1.4 (Rev. 9) to xilinx.com:user:SketchIP_1080p:1.5 (Rev. 10)






Copyright 1986-2017 Xilinx, Inc. All Rights Reserved.
------------------------------------------------------------------------------------
| Tool Version : Vivado v.2017.4 (win64) Build 2086221 Fri Dec 15 20:55:39 MST 2017
| Date         : Sun Jul 11 19:59:56 2021
| Host         : DESKTOP-RE08DTS running 64-bit major release  (build 9200)
| Command      : upgrade_ip
| Device       : xc7z020clg484-1
------------------------------------------------------------------------------------

Upgrade Log for IP 'system_SketchIP_1080p_0_0'

1. Summary
----------

SUCCESS in the upgrade of system_SketchIP_1080p_0_0 from xilinx.com:user:SketchIP_1080p:1.2 (Rev. 5) to xilinx.com:user:SketchIP_1080p:1.3 (Rev. 6)






Copyright 1986-2017 Xilinx, Inc. All Rights Reserved.
------------------------------------------------------------------------------------
| Tool Version : Vivado v.2017.4 (win64) Build 2086221 Fri Dec 15 20:55:39 MST 2017
| Date         : Sun Jul 11 19:23:27 2021
| Host         : DESKTOP-RE08DTS running 64-bit major release  (build 9200)
| Command      : upgrade_ip
| Device       : xc7z020clg484-1
------------------------------------------------------------------------------------

Upgrade Log for IP 'system_SketchIP_1080p_0_0'

1. Summary
----------

SUCCESS in the upgrade of system_SketchIP_1080p_0_0 from xilinx.com:user:SketchIP_1080p:1.1 (Rev. 4) to xilinx.com:user:SketchIP_1080p:1.2 (Rev. 5)

