
*** Running vivado
    with args -log system_zed_hdmi_out_0_0.vds -m64 -product Vivado -mode batch -messageDb vivado.pb -notrace -source system_zed_hdmi_out_0_0.tcl


****** Vivado v2017.4 (64-bit)
  **** SW Build 2086221 on Fri Dec 15 20:55:39 MST 2017
  **** IP Build 2085800 on Fri Dec 15 22:25:07 MST 2017
    ** Copyright 1986-2017 Xilinx, Inc. All Rights Reserved.

source system_zed_hdmi_out_0_0.tcl -notrace
Command: synth_design -top system_zed_hdmi_out_0_0 -part xc7z020clg484-1 -mode out_of_context
Starting synth_design
Attempting to get a license for feature 'Synthesis' and/or device 'xc7z020'
INFO: [Common 17-349] Got license for feature 'Synthesis' and/or device 'xc7z020'
INFO: Launching helper process for spawning children vivado processes
INFO: Helper process launched with PID 8436 
---------------------------------------------------------------------------------
Starting RTL Elaboration : Time (s): cpu = 00:00:04 ; elapsed = 00:00:06 . Memory (MB): peak = 403.871 ; gain = 101.547
---------------------------------------------------------------------------------
INFO: [Synth 8-638] synthesizing module 'system_zed_hdmi_out_0_0' [d:/Project/SketchSystem_Multi1080p_HDMI/SketchSystem.srcs/sources_1/bd/system/ip/system_zed_hdmi_out_0_0/synth/system_zed_hdmi_out_0_0.vhd:77]
	Parameter C_DATA_WIDTH bound to: 16 - type: integer 
	Parameter C_FAMILY bound to: zynq - type: string 
INFO: [Synth 8-3491] module 'zed_hdmi_out' declared at 'd:/Project/SketchSystem_Multi1080p_HDMI/SketchSystem.srcs/sources_1/bd/system/ipshared/2d46/hdl/vhdl/zed_hdmi_out.vhd:57' bound to instance 'U0' of component 'zed_hdmi_out' [d:/Project/SketchSystem_Multi1080p_HDMI/SketchSystem.srcs/sources_1/bd/system/ip/system_zed_hdmi_out_0_0/synth/system_zed_hdmi_out_0_0.vhd:117]
INFO: [Synth 8-638] synthesizing module 'zed_hdmi_out' [d:/Project/SketchSystem_Multi1080p_HDMI/SketchSystem.srcs/sources_1/bd/system/ipshared/2d46/hdl/vhdl/zed_hdmi_out.vhd:84]
	Parameter C_DATA_WIDTH bound to: 16 - type: integer 
	Parameter C_FAMILY bound to: zynq - type: string 
INFO: [Synth 8-5534] Detected attribute (* iob = "TRUE" *) [d:/Project/SketchSystem_Multi1080p_HDMI/SketchSystem.srcs/sources_1/bd/system/ipshared/2d46/hdl/vhdl/zed_hdmi_out.vhd:113]
INFO: [Synth 8-5534] Detected attribute (* iob = "TRUE" *) [d:/Project/SketchSystem_Multi1080p_HDMI/SketchSystem.srcs/sources_1/bd/system/ipshared/2d46/hdl/vhdl/zed_hdmi_out.vhd:114]
INFO: [Synth 8-5534] Detected attribute (* iob = "TRUE" *) [d:/Project/SketchSystem_Multi1080p_HDMI/SketchSystem.srcs/sources_1/bd/system/ipshared/2d46/hdl/vhdl/zed_hdmi_out.vhd:115]
INFO: [Synth 8-5534] Detected attribute (* iob = "TRUE" *) [d:/Project/SketchSystem_Multi1080p_HDMI/SketchSystem.srcs/sources_1/bd/system/ipshared/2d46/hdl/vhdl/zed_hdmi_out.vhd:116]
INFO: [Synth 8-5534] Detected attribute (* iob = "TRUE" *) [d:/Project/SketchSystem_Multi1080p_HDMI/SketchSystem.srcs/sources_1/bd/system/ipshared/2d46/hdl/vhdl/zed_hdmi_out.vhd:117]
INFO: [Synth 8-5534] Detected attribute (* iob = "TRUE" *) [d:/Project/SketchSystem_Multi1080p_HDMI/SketchSystem.srcs/sources_1/bd/system/ipshared/2d46/hdl/vhdl/zed_hdmi_out.vhd:118]
	Parameter DDR_CLK_EDGE bound to: SAME_EDGE - type: string 
	Parameter INIT bound to: 1'b1 
	Parameter IS_C_INVERTED bound to: 1'b0 
	Parameter IS_D1_INVERTED bound to: 1'b0 
	Parameter IS_D2_INVERTED bound to: 1'b0 
	Parameter SRTYPE bound to: ASYNC - type: string 
INFO: [Synth 8-113] binding component instance 'ODDR_hdmi_clk_o' to cell 'ODDR' [d:/Project/SketchSystem_Multi1080p_HDMI/SketchSystem.srcs/sources_1/bd/system/ipshared/2d46/hdl/vhdl/zed_hdmi_out.vhd:258]
	Parameter DDR_CLK_EDGE bound to: SAME_EDGE - type: string 
	Parameter INIT bound to: 1'b1 
	Parameter IS_C_INVERTED bound to: 1'b0 
	Parameter IS_D1_INVERTED bound to: 1'b0 
	Parameter IS_D2_INVERTED bound to: 1'b0 
	Parameter SRTYPE bound to: ASYNC - type: string 
INFO: [Synth 8-113] binding component instance 'ODDR_hdmi_clk_t' to cell 'ODDR' [d:/Project/SketchSystem_Multi1080p_HDMI/SketchSystem.srcs/sources_1/bd/system/ipshared/2d46/hdl/vhdl/zed_hdmi_out.vhd:272]
	Parameter CAPACITANCE bound to: DONT_CARE - type: string 
	Parameter DRIVE bound to: 12 - type: integer 
	Parameter IOSTANDARD bound to: DEFAULT - type: string 
	Parameter SLEW bound to: SLOW - type: string 
INFO: [Synth 8-113] binding component instance 'OBUFT_hdmio_spdif' to cell 'OBUFT' [d:/Project/SketchSystem_Multi1080p_HDMI/SketchSystem.srcs/sources_1/bd/system/ipshared/2d46/hdl/vhdl/zed_hdmi_out.vhd:294]
	Parameter CAPACITANCE bound to: DONT_CARE - type: string 
	Parameter DRIVE bound to: 12 - type: integer 
	Parameter IOSTANDARD bound to: DEFAULT - type: string 
	Parameter SLEW bound to: SLOW - type: string 
INFO: [Synth 8-113] binding component instance 'OBUFT_hdmio_video' to cell 'OBUFT' [d:/Project/SketchSystem_Multi1080p_HDMI/SketchSystem.srcs/sources_1/bd/system/ipshared/2d46/hdl/vhdl/zed_hdmi_out.vhd:302]
	Parameter CAPACITANCE bound to: DONT_CARE - type: string 
	Parameter DRIVE bound to: 12 - type: integer 
	Parameter IOSTANDARD bound to: DEFAULT - type: string 
	Parameter SLEW bound to: SLOW - type: string 
INFO: [Synth 8-113] binding component instance 'OBUFT_hdmio_video' to cell 'OBUFT' [d:/Project/SketchSystem_Multi1080p_HDMI/SketchSystem.srcs/sources_1/bd/system/ipshared/2d46/hdl/vhdl/zed_hdmi_out.vhd:302]
	Parameter CAPACITANCE bound to: DONT_CARE - type: string 
	Parameter DRIVE bound to: 12 - type: integer 
	Parameter IOSTANDARD bound to: DEFAULT - type: string 
	Parameter SLEW bound to: SLOW - type: string 
INFO: [Synth 8-113] binding component instance 'OBUFT_hdmio_video' to cell 'OBUFT' [d:/Project/SketchSystem_Multi1080p_HDMI/SketchSystem.srcs/sources_1/bd/system/ipshared/2d46/hdl/vhdl/zed_hdmi_out.vhd:302]
	Parameter CAPACITANCE bound to: DONT_CARE - type: string 
	Parameter DRIVE bound to: 12 - type: integer 
	Parameter IOSTANDARD bound to: DEFAULT - type: string 
	Parameter SLEW bound to: SLOW - type: string 
INFO: [Synth 8-113] binding component instance 'OBUFT_hdmio_video' to cell 'OBUFT' [d:/Project/SketchSystem_Multi1080p_HDMI/SketchSystem.srcs/sources_1/bd/system/ipshared/2d46/hdl/vhdl/zed_hdmi_out.vhd:302]
	Parameter CAPACITANCE bound to: DONT_CARE - type: string 
	Parameter DRIVE bound to: 12 - type: integer 
	Parameter IOSTANDARD bound to: DEFAULT - type: string 
	Parameter SLEW bound to: SLOW - type: string 
INFO: [Synth 8-113] binding component instance 'OBUFT_hdmio_video' to cell 'OBUFT' [d:/Project/SketchSystem_Multi1080p_HDMI/SketchSystem.srcs/sources_1/bd/system/ipshared/2d46/hdl/vhdl/zed_hdmi_out.vhd:302]
	Parameter CAPACITANCE bound to: DONT_CARE - type: string 
	Parameter DRIVE bound to: 12 - type: integer 
	Parameter IOSTANDARD bound to: DEFAULT - type: string 
	Parameter SLEW bound to: SLOW - type: string 
INFO: [Synth 8-113] binding component instance 'OBUFT_hdmio_video' to cell 'OBUFT' [d:/Project/SketchSystem_Multi1080p_HDMI/SketchSystem.srcs/sources_1/bd/system/ipshared/2d46/hdl/vhdl/zed_hdmi_out.vhd:302]
	Parameter CAPACITANCE bound to: DONT_CARE - type: string 
	Parameter DRIVE bound to: 12 - type: integer 
	Parameter IOSTANDARD bound to: DEFAULT - type: string 
	Parameter SLEW bound to: SLOW - type: string 
INFO: [Synth 8-113] binding component instance 'OBUFT_hdmio_video' to cell 'OBUFT' [d:/Project/SketchSystem_Multi1080p_HDMI/SketchSystem.srcs/sources_1/bd/system/ipshared/2d46/hdl/vhdl/zed_hdmi_out.vhd:302]
	Parameter CAPACITANCE bound to: DONT_CARE - type: string 
	Parameter DRIVE bound to: 12 - type: integer 
	Parameter IOSTANDARD bound to: DEFAULT - type: string 
	Parameter SLEW bound to: SLOW - type: string 
INFO: [Synth 8-113] binding component instance 'OBUFT_hdmio_video' to cell 'OBUFT' [d:/Project/SketchSystem_Multi1080p_HDMI/SketchSystem.srcs/sources_1/bd/system/ipshared/2d46/hdl/vhdl/zed_hdmi_out.vhd:302]
	Parameter CAPACITANCE bound to: DONT_CARE - type: string 
	Parameter DRIVE bound to: 12 - type: integer 
	Parameter IOSTANDARD bound to: DEFAULT - type: string 
	Parameter SLEW bound to: SLOW - type: string 
INFO: [Synth 8-113] binding component instance 'OBUFT_hdmio_video' to cell 'OBUFT' [d:/Project/SketchSystem_Multi1080p_HDMI/SketchSystem.srcs/sources_1/bd/system/ipshared/2d46/hdl/vhdl/zed_hdmi_out.vhd:302]
	Parameter CAPACITANCE bound to: DONT_CARE - type: string 
	Parameter DRIVE bound to: 12 - type: integer 
	Parameter IOSTANDARD bound to: DEFAULT - type: string 
	Parameter SLEW bound to: SLOW - type: string 
INFO: [Synth 8-113] binding component instance 'OBUFT_hdmio_video' to cell 'OBUFT' [d:/Project/SketchSystem_Multi1080p_HDMI/SketchSystem.srcs/sources_1/bd/system/ipshared/2d46/hdl/vhdl/zed_hdmi_out.vhd:302]
	Parameter CAPACITANCE bound to: DONT_CARE - type: string 
	Parameter DRIVE bound to: 12 - type: integer 
	Parameter IOSTANDARD bound to: DEFAULT - type: string 
	Parameter SLEW bound to: SLOW - type: string 
INFO: [Synth 8-113] binding component instance 'OBUFT_hdmio_video' to cell 'OBUFT' [d:/Project/SketchSystem_Multi1080p_HDMI/SketchSystem.srcs/sources_1/bd/system/ipshared/2d46/hdl/vhdl/zed_hdmi_out.vhd:302]
	Parameter CAPACITANCE bound to: DONT_CARE - type: string 
	Parameter DRIVE bound to: 12 - type: integer 
	Parameter IOSTANDARD bound to: DEFAULT - type: string 
	Parameter SLEW bound to: SLOW - type: string 
INFO: [Synth 8-113] binding component instance 'OBUFT_hdmio_video' to cell 'OBUFT' [d:/Project/SketchSystem_Multi1080p_HDMI/SketchSystem.srcs/sources_1/bd/system/ipshared/2d46/hdl/vhdl/zed_hdmi_out.vhd:302]
	Parameter CAPACITANCE bound to: DONT_CARE - type: string 
	Parameter DRIVE bound to: 12 - type: integer 
	Parameter IOSTANDARD bound to: DEFAULT - type: string 
	Parameter SLEW bound to: SLOW - type: string 
INFO: [Synth 8-113] binding component instance 'OBUFT_hdmio_video' to cell 'OBUFT' [d:/Project/SketchSystem_Multi1080p_HDMI/SketchSystem.srcs/sources_1/bd/system/ipshared/2d46/hdl/vhdl/zed_hdmi_out.vhd:302]
	Parameter CAPACITANCE bound to: DONT_CARE - type: string 
	Parameter DRIVE bound to: 12 - type: integer 
	Parameter IOSTANDARD bound to: DEFAULT - type: string 
	Parameter SLEW bound to: SLOW - type: string 
INFO: [Synth 8-113] binding component instance 'OBUFT_hdmio_video' to cell 'OBUFT' [d:/Project/SketchSystem_Multi1080p_HDMI/SketchSystem.srcs/sources_1/bd/system/ipshared/2d46/hdl/vhdl/zed_hdmi_out.vhd:302]
	Parameter CAPACITANCE bound to: DONT_CARE - type: string 
	Parameter DRIVE bound to: 12 - type: integer 
	Parameter IOSTANDARD bound to: DEFAULT - type: string 
	Parameter SLEW bound to: SLOW - type: string 
INFO: [Synth 8-113] binding component instance 'OBUFT_hdmio_video' to cell 'OBUFT' [d:/Project/SketchSystem_Multi1080p_HDMI/SketchSystem.srcs/sources_1/bd/system/ipshared/2d46/hdl/vhdl/zed_hdmi_out.vhd:302]
	Parameter CAPACITANCE bound to: DONT_CARE - type: string 
	Parameter DRIVE bound to: 12 - type: integer 
	Parameter IOSTANDARD bound to: DEFAULT - type: string 
	Parameter SLEW bound to: SLOW - type: string 
INFO: [Synth 8-113] binding component instance 'OBUFT_hdmio_video' to cell 'OBUFT' [d:/Project/SketchSystem_Multi1080p_HDMI/SketchSystem.srcs/sources_1/bd/system/ipshared/2d46/hdl/vhdl/zed_hdmi_out.vhd:302]
	Parameter CAPACITANCE bound to: DONT_CARE - type: string 
	Parameter DRIVE bound to: 12 - type: integer 
	Parameter IOSTANDARD bound to: DEFAULT - type: string 
	Parameter SLEW bound to: SLOW - type: string 
INFO: [Synth 8-113] binding component instance 'OBUFT_hdmio_vsync' to cell 'OBUFT' [d:/Project/SketchSystem_Multi1080p_HDMI/SketchSystem.srcs/sources_1/bd/system/ipshared/2d46/hdl/vhdl/zed_hdmi_out.vhd:310]
	Parameter CAPACITANCE bound to: DONT_CARE - type: string 
	Parameter DRIVE bound to: 12 - type: integer 
	Parameter IOSTANDARD bound to: DEFAULT - type: string 
	Parameter SLEW bound to: SLOW - type: string 
INFO: [Synth 8-113] binding component instance 'OBUFT_hdmio_hsync' to cell 'OBUFT' [d:/Project/SketchSystem_Multi1080p_HDMI/SketchSystem.srcs/sources_1/bd/system/ipshared/2d46/hdl/vhdl/zed_hdmi_out.vhd:317]
	Parameter CAPACITANCE bound to: DONT_CARE - type: string 
	Parameter DRIVE bound to: 12 - type: integer 
	Parameter IOSTANDARD bound to: DEFAULT - type: string 
	Parameter SLEW bound to: SLOW - type: string 
INFO: [Synth 8-113] binding component instance 'OBUFT_hdmio_de' to cell 'OBUFT' [d:/Project/SketchSystem_Multi1080p_HDMI/SketchSystem.srcs/sources_1/bd/system/ipshared/2d46/hdl/vhdl/zed_hdmi_out.vhd:324]
	Parameter CAPACITANCE bound to: DONT_CARE - type: string 
	Parameter DRIVE bound to: 12 - type: integer 
	Parameter IOSTANDARD bound to: DEFAULT - type: string 
	Parameter SLEW bound to: SLOW - type: string 
INFO: [Synth 8-113] binding component instance 'OBUFT_hdmio_clk' to cell 'OBUFT' [d:/Project/SketchSystem_Multi1080p_HDMI/SketchSystem.srcs/sources_1/bd/system/ipshared/2d46/hdl/vhdl/zed_hdmi_out.vhd:331]
INFO: [Synth 8-4471] merging register 'hdmi_vsync_t_reg' into 'hdmi_spdif_t_reg' [d:/Project/SketchSystem_Multi1080p_HDMI/SketchSystem.srcs/sources_1/bd/system/ipshared/2d46/hdl/vhdl/zed_hdmi_out.vhd:182]
INFO: [Synth 8-4471] merging register 'hdmi_hsync_t_reg' into 'hdmi_spdif_t_reg' [d:/Project/SketchSystem_Multi1080p_HDMI/SketchSystem.srcs/sources_1/bd/system/ipshared/2d46/hdl/vhdl/zed_hdmi_out.vhd:183]
INFO: [Synth 8-4471] merging register 'hdmi_de_t_reg' into 'hdmi_spdif_t_reg' [d:/Project/SketchSystem_Multi1080p_HDMI/SketchSystem.srcs/sources_1/bd/system/ipshared/2d46/hdl/vhdl/zed_hdmi_out.vhd:184]
WARNING: [Synth 8-6014] Unused sequential element hdmi_vsync_t_reg was removed.  [d:/Project/SketchSystem_Multi1080p_HDMI/SketchSystem.srcs/sources_1/bd/system/ipshared/2d46/hdl/vhdl/zed_hdmi_out.vhd:182]
WARNING: [Synth 8-6014] Unused sequential element hdmi_hsync_t_reg was removed.  [d:/Project/SketchSystem_Multi1080p_HDMI/SketchSystem.srcs/sources_1/bd/system/ipshared/2d46/hdl/vhdl/zed_hdmi_out.vhd:183]
WARNING: [Synth 8-6014] Unused sequential element hdmi_de_t_reg was removed.  [d:/Project/SketchSystem_Multi1080p_HDMI/SketchSystem.srcs/sources_1/bd/system/ipshared/2d46/hdl/vhdl/zed_hdmi_out.vhd:184]
INFO: [Synth 8-256] done synthesizing module 'zed_hdmi_out' (1#1) [d:/Project/SketchSystem_Multi1080p_HDMI/SketchSystem.srcs/sources_1/bd/system/ipshared/2d46/hdl/vhdl/zed_hdmi_out.vhd:84]
INFO: [Synth 8-256] done synthesizing module 'system_zed_hdmi_out_0_0' (2#1) [d:/Project/SketchSystem_Multi1080p_HDMI/SketchSystem.srcs/sources_1/bd/system/ip/system_zed_hdmi_out_0_0/synth/system_zed_hdmi_out_0_0.vhd:77]
WARNING: [Synth 8-3331] design zed_hdmi_out has unconnected port reset
---------------------------------------------------------------------------------
Finished RTL Elaboration : Time (s): cpu = 00:00:05 ; elapsed = 00:00:07 . Memory (MB): peak = 456.629 ; gain = 154.305
---------------------------------------------------------------------------------

Report Check Netlist: 
+------+------------------+-------+---------+-------+------------------+
|      |Item              |Errors |Warnings |Status |Description       |
+------+------------------+-------+---------+-------+------------------+
|1     |multi_driven_nets |      0|        0|Passed |Multi driven nets |
+------+------------------+-------+---------+-------+------------------+
---------------------------------------------------------------------------------
Finished RTL Optimization Phase 1 : Time (s): cpu = 00:00:05 ; elapsed = 00:00:07 . Memory (MB): peak = 456.629 ; gain = 154.305
---------------------------------------------------------------------------------
INFO: [Netlist 29-17] Analyzing 2 Unisim elements for replacement
INFO: [Netlist 29-28] Unisim Transformation completed in 0 CPU seconds
INFO: [Device 21-403] Loading part xc7z020clg484-1
INFO: [Project 1-570] Preparing netlist for logic optimization

Processing XDC Constraints
Initializing timing engine
Completed Processing XDC Constraints

INFO: [Project 1-111] Unisim Transformation Summary:
No Unisim elements were transformed.

Constraint Validation Runtime : Time (s): cpu = 00:00:00 ; elapsed = 00:00:00.005 . Memory (MB): peak = 787.465 ; gain = 0.000
---------------------------------------------------------------------------------
Finished Constraint Validation : Time (s): cpu = 00:00:15 ; elapsed = 00:00:18 . Memory (MB): peak = 787.465 ; gain = 485.141
---------------------------------------------------------------------------------
---------------------------------------------------------------------------------
Start Loading Part and Timing Information
---------------------------------------------------------------------------------
Loading part: xc7z020clg484-1
---------------------------------------------------------------------------------
Finished Loading Part and Timing Information : Time (s): cpu = 00:00:15 ; elapsed = 00:00:18 . Memory (MB): peak = 787.465 ; gain = 485.141
---------------------------------------------------------------------------------
---------------------------------------------------------------------------------
Start Applying 'set_property' XDC Constraints
---------------------------------------------------------------------------------
---------------------------------------------------------------------------------
Finished applying 'set_property' XDC Constraints : Time (s): cpu = 00:00:15 ; elapsed = 00:00:18 . Memory (MB): peak = 787.465 ; gain = 485.141
---------------------------------------------------------------------------------
---------------------------------------------------------------------------------
Finished RTL Optimization Phase 2 : Time (s): cpu = 00:00:15 ; elapsed = 00:00:18 . Memory (MB): peak = 787.465 ; gain = 485.141
---------------------------------------------------------------------------------

Report RTL Partitions: 
+-+--------------+------------+----------+
| |RTL Partition |Replication |Instances |
+-+--------------+------------+----------+
+-+--------------+------------+----------+
---------------------------------------------------------------------------------
Start RTL Component Statistics 
---------------------------------------------------------------------------------
Detailed RTL Component Info : 
+---Registers : 
	               16 Bit    Registers := 3     
	                1 Bit    Registers := 8     
---------------------------------------------------------------------------------
Finished RTL Component Statistics 
---------------------------------------------------------------------------------
---------------------------------------------------------------------------------
Start RTL Hierarchical Component Statistics 
---------------------------------------------------------------------------------
Hierarchical RTL Component report 
Module zed_hdmi_out 
Detailed RTL Component Info : 
+---Registers : 
	               16 Bit    Registers := 3     
	                1 Bit    Registers := 8     
---------------------------------------------------------------------------------
Finished RTL Hierarchical Component Statistics
---------------------------------------------------------------------------------
---------------------------------------------------------------------------------
Start Part Resource Summary
---------------------------------------------------------------------------------
Part Resources:
DSPs: 220 (col length:60)
BRAMs: 280 (col length: RAMB18 60 RAMB36 30)
---------------------------------------------------------------------------------
Finished Part Resource Summary
---------------------------------------------------------------------------------
---------------------------------------------------------------------------------
Start Cross Boundary and Area Optimization
---------------------------------------------------------------------------------
WARNING: [Synth 8-3331] design system_zed_hdmi_out_0_0 has unconnected port reset
INFO: [Synth 8-3886] merging instance 'U0/hdmi_video_t_reg[0]' (FD) to 'U0/hdmi_spdif_t_reg'
INFO: [Synth 8-3886] merging instance 'U0/hdmi_video_t_reg[1]' (FD) to 'U0/hdmi_spdif_t_reg'
INFO: [Synth 8-3886] merging instance 'U0/hdmi_video_t_reg[2]' (FD) to 'U0/hdmi_spdif_t_reg'
INFO: [Synth 8-3886] merging instance 'U0/hdmi_video_t_reg[3]' (FD) to 'U0/hdmi_spdif_t_reg'
INFO: [Synth 8-3886] merging instance 'U0/hdmi_video_t_reg[4]' (FD) to 'U0/hdmi_spdif_t_reg'
INFO: [Synth 8-3886] merging instance 'U0/hdmi_video_t_reg[5]' (FD) to 'U0/hdmi_spdif_t_reg'
INFO: [Synth 8-3886] merging instance 'U0/hdmi_video_t_reg[6]' (FD) to 'U0/hdmi_spdif_t_reg'
INFO: [Synth 8-3886] merging instance 'U0/hdmi_video_t_reg[7]' (FD) to 'U0/hdmi_spdif_t_reg'
INFO: [Synth 8-3886] merging instance 'U0/hdmi_video_t_reg[8]' (FD) to 'U0/hdmi_spdif_t_reg'
INFO: [Synth 8-3886] merging instance 'U0/hdmi_video_t_reg[9]' (FD) to 'U0/hdmi_spdif_t_reg'
INFO: [Synth 8-3886] merging instance 'U0/hdmi_video_t_reg[10]' (FD) to 'U0/hdmi_spdif_t_reg'
INFO: [Synth 8-3886] merging instance 'U0/hdmi_video_t_reg[11]' (FD) to 'U0/hdmi_spdif_t_reg'
INFO: [Synth 8-3886] merging instance 'U0/hdmi_video_t_reg[12]' (FD) to 'U0/hdmi_spdif_t_reg'
INFO: [Synth 8-3886] merging instance 'U0/hdmi_video_t_reg[13]' (FD) to 'U0/hdmi_spdif_t_reg'
INFO: [Synth 8-3886] merging instance 'U0/hdmi_video_t_reg[14]' (FD) to 'U0/hdmi_spdif_t_reg'
INFO: [Synth 8-3886] merging instance 'U0/hdmi_video_t_reg[15]' (FD) to 'U0/hdmi_spdif_t_reg'
INFO: [Synth 8-3333] propagating constant 0 across sequential element (\U0/hdmi_spdif_t_reg )
INFO: [Synth 8-3332] Sequential element (U0/hdmi_spdif_t_reg) is unused and will be removed from module system_zed_hdmi_out_0_0.
---------------------------------------------------------------------------------
Finished Cross Boundary and Area Optimization : Time (s): cpu = 00:00:16 ; elapsed = 00:00:19 . Memory (MB): peak = 787.465 ; gain = 485.141
---------------------------------------------------------------------------------

Report RTL Partitions: 
+-+--------------+------------+----------+
| |RTL Partition |Replication |Instances |
+-+--------------+------------+----------+
+-+--------------+------------+----------+
---------------------------------------------------------------------------------
Start Applying XDC Timing Constraints
---------------------------------------------------------------------------------
---------------------------------------------------------------------------------
Finished Applying XDC Timing Constraints : Time (s): cpu = 00:00:24 ; elapsed = 00:00:28 . Memory (MB): peak = 787.465 ; gain = 485.141
---------------------------------------------------------------------------------
---------------------------------------------------------------------------------
Start Timing Optimization
---------------------------------------------------------------------------------
---------------------------------------------------------------------------------
Finished Timing Optimization : Time (s): cpu = 00:00:24 ; elapsed = 00:00:28 . Memory (MB): peak = 787.465 ; gain = 485.141
---------------------------------------------------------------------------------

Report RTL Partitions: 
+-+--------------+------------+----------+
| |RTL Partition |Replication |Instances |
+-+--------------+------------+----------+
+-+--------------+------------+----------+
---------------------------------------------------------------------------------
Start Technology Mapping
---------------------------------------------------------------------------------
---------------------------------------------------------------------------------
Finished Technology Mapping : Time (s): cpu = 00:00:24 ; elapsed = 00:00:28 . Memory (MB): peak = 801.191 ; gain = 498.867
---------------------------------------------------------------------------------

Report RTL Partitions: 
+-+--------------+------------+----------+
| |RTL Partition |Replication |Instances |
+-+--------------+------------+----------+
+-+--------------+------------+----------+
---------------------------------------------------------------------------------
Start IO Insertion
---------------------------------------------------------------------------------
---------------------------------------------------------------------------------
Start Flattening Before IO Insertion
---------------------------------------------------------------------------------
---------------------------------------------------------------------------------
Finished Flattening Before IO Insertion
---------------------------------------------------------------------------------
---------------------------------------------------------------------------------
Start Final Netlist Cleanup
---------------------------------------------------------------------------------
INFO: [Synth 8-4163] Replicating register \U0/hdmi_de_o_reg  to handle IOB=TRUE attribute
INFO: [Synth 8-4163] Replicating register \U0/hdmi_hsync_o_reg  to handle IOB=TRUE attribute
INFO: [Synth 8-4163] Replicating register \U0/hdmi_vsync_o_reg  to handle IOB=TRUE attribute
INFO: [Synth 8-4163] Replicating register \U0/hdmi_video_o_reg[0]  to handle IOB=TRUE attribute
INFO: [Synth 8-4163] Replicating register \U0/hdmi_video_o_reg[1]  to handle IOB=TRUE attribute
INFO: [Synth 8-4163] Replicating register \U0/hdmi_video_o_reg[2]  to handle IOB=TRUE attribute
INFO: [Synth 8-4163] Replicating register \U0/hdmi_video_o_reg[3]  to handle IOB=TRUE attribute
INFO: [Synth 8-4163] Replicating register \U0/hdmi_video_o_reg[4]  to handle IOB=TRUE attribute
INFO: [Synth 8-4163] Replicating register \U0/hdmi_video_o_reg[5]  to handle IOB=TRUE attribute
INFO: [Synth 8-4163] Replicating register \U0/hdmi_video_o_reg[6]  to handle IOB=TRUE attribute
INFO: [Synth 8-4163] Replicating register \U0/hdmi_video_o_reg[7]  to handle IOB=TRUE attribute
INFO: [Synth 8-4163] Replicating register \U0/hdmi_video_o_reg[8]  to handle IOB=TRUE attribute
INFO: [Synth 8-4163] Replicating register \U0/hdmi_video_o_reg[9]  to handle IOB=TRUE attribute
INFO: [Synth 8-4163] Replicating register \U0/hdmi_video_o_reg[10]  to handle IOB=TRUE attribute
INFO: [Synth 8-4163] Replicating register \U0/hdmi_video_o_reg[11]  to handle IOB=TRUE attribute
INFO: [Synth 8-4163] Replicating register \U0/hdmi_video_o_reg[12]  to handle IOB=TRUE attribute
INFO: [Synth 8-4163] Replicating register \U0/hdmi_video_o_reg[13]  to handle IOB=TRUE attribute
INFO: [Synth 8-4163] Replicating register \U0/hdmi_video_o_reg[14]  to handle IOB=TRUE attribute
INFO: [Synth 8-4163] Replicating register \U0/hdmi_video_o_reg[15]  to handle IOB=TRUE attribute
INFO: [Synth 8-4163] Replicating register \U0/hdmi_spdif_o_reg  to handle IOB=TRUE attribute
---------------------------------------------------------------------------------
Finished Final Netlist Cleanup
---------------------------------------------------------------------------------
---------------------------------------------------------------------------------
Finished IO Insertion : Time (s): cpu = 00:00:25 ; elapsed = 00:00:29 . Memory (MB): peak = 801.191 ; gain = 498.867
---------------------------------------------------------------------------------

Report Check Netlist: 
+------+------------------+-------+---------+-------+------------------+
|      |Item              |Errors |Warnings |Status |Description       |
+------+------------------+-------+---------+-------+------------------+
|1     |multi_driven_nets |      0|        0|Passed |Multi driven nets |
+------+------------------+-------+---------+-------+------------------+
---------------------------------------------------------------------------------
Start Renaming Generated Instances
---------------------------------------------------------------------------------
---------------------------------------------------------------------------------
Finished Renaming Generated Instances : Time (s): cpu = 00:00:25 ; elapsed = 00:00:29 . Memory (MB): peak = 801.191 ; gain = 498.867
---------------------------------------------------------------------------------

Report RTL Partitions: 
+-+--------------+------------+----------+
| |RTL Partition |Replication |Instances |
+-+--------------+------------+----------+
+-+--------------+------------+----------+
---------------------------------------------------------------------------------
Start Rebuilding User Hierarchy
---------------------------------------------------------------------------------
---------------------------------------------------------------------------------
Finished Rebuilding User Hierarchy : Time (s): cpu = 00:00:25 ; elapsed = 00:00:29 . Memory (MB): peak = 801.191 ; gain = 498.867
---------------------------------------------------------------------------------
---------------------------------------------------------------------------------
Start Renaming Generated Ports
---------------------------------------------------------------------------------
---------------------------------------------------------------------------------
Finished Renaming Generated Ports : Time (s): cpu = 00:00:25 ; elapsed = 00:00:29 . Memory (MB): peak = 801.191 ; gain = 498.867
---------------------------------------------------------------------------------
---------------------------------------------------------------------------------
Start Handling Custom Attributes
---------------------------------------------------------------------------------
---------------------------------------------------------------------------------
Finished Handling Custom Attributes : Time (s): cpu = 00:00:25 ; elapsed = 00:00:29 . Memory (MB): peak = 801.191 ; gain = 498.867
---------------------------------------------------------------------------------
---------------------------------------------------------------------------------
Start Renaming Generated Nets
---------------------------------------------------------------------------------
---------------------------------------------------------------------------------
Finished Renaming Generated Nets : Time (s): cpu = 00:00:25 ; elapsed = 00:00:29 . Memory (MB): peak = 801.191 ; gain = 498.867
---------------------------------------------------------------------------------
---------------------------------------------------------------------------------
Start Writing Synthesis Report
---------------------------------------------------------------------------------

Report BlackBoxes: 
+-+--------------+----------+
| |BlackBox name |Instances |
+-+--------------+----------+
+-+--------------+----------+

Report Cell Usage: 
+------+------+------+
|      |Cell  |Count |
+------+------+------+
|1     |ODDR  |     2|
|2     |FDRE  |    39|
|3     |OBUFT |    21|
+------+------+------+

Report Instance Areas: 
+------+---------+-------------+------+
|      |Instance |Module       |Cells |
+------+---------+-------------+------+
|1     |top      |             |    62|
|2     |  U0     |zed_hdmi_out |    62|
+------+---------+-------------+------+
---------------------------------------------------------------------------------
Finished Writing Synthesis Report : Time (s): cpu = 00:00:25 ; elapsed = 00:00:29 . Memory (MB): peak = 801.191 ; gain = 498.867
---------------------------------------------------------------------------------
Synthesis finished with 0 errors, 0 critical warnings and 1 warnings.
Synthesis Optimization Runtime : Time (s): cpu = 00:00:15 ; elapsed = 00:00:22 . Memory (MB): peak = 801.191 ; gain = 168.031
Synthesis Optimization Complete : Time (s): cpu = 00:00:25 ; elapsed = 00:00:29 . Memory (MB): peak = 801.191 ; gain = 498.867
INFO: [Project 1-571] Translating synthesized netlist
INFO: [Netlist 29-17] Analyzing 2 Unisim elements for replacement
INFO: [Netlist 29-28] Unisim Transformation completed in 0 CPU seconds
INFO: [Project 1-570] Preparing netlist for logic optimization
INFO: [Opt 31-138] Pushed 0 inverter(s) to 0 load pin(s).
INFO: [Project 1-111] Unisim Transformation Summary:
No Unisim elements were transformed.

INFO: [Common 17-83] Releasing license: Synthesis
88 Infos, 5 Warnings, 0 Critical Warnings and 0 Errors encountered.
synth_design completed successfully
synth_design: Time (s): cpu = 00:00:27 ; elapsed = 00:00:31 . Memory (MB): peak = 805.977 ; gain = 515.180
INFO: [Common 17-1381] The checkpoint 'D:/Project/SketchSystem_Multi1080p_HDMI/SketchSystem.runs/system_zed_hdmi_out_0_0_synth_1/system_zed_hdmi_out_0_0.dcp' has been generated.
INFO: [Coretcl 2-1482] Added synthesis output to IP cache for IP d:/Project/SketchSystem_Multi1080p_HDMI/SketchSystem.srcs/sources_1/bd/system/ip/system_zed_hdmi_out_0_0/system_zed_hdmi_out_0_0.xci
INFO: [Common 17-1381] The checkpoint 'D:/Project/SketchSystem_Multi1080p_HDMI/SketchSystem.runs/system_zed_hdmi_out_0_0_synth_1/system_zed_hdmi_out_0_0.dcp' has been generated.
INFO: [runtcl-4] Executing : report_utilization -file system_zed_hdmi_out_0_0_utilization_synth.rpt -pb system_zed_hdmi_out_0_0_utilization_synth.pb
report_utilization: Time (s): cpu = 00:00:00 ; elapsed = 00:00:00.035 . Memory (MB): peak = 810.414 ; gain = 0.000
INFO: [Common 17-206] Exiting Vivado at Sat Sep 25 19:01:38 2021...
