
*** Running vivado
    with args -log system_SketchIP_1080p_0_1.vds -m64 -product Vivado -mode batch -messageDb vivado.pb -notrace -source system_SketchIP_1080p_0_1.tcl


****** Vivado v2017.4 (64-bit)
  **** SW Build 2086221 on Fri Dec 15 20:55:39 MST 2017
  **** IP Build 2085800 on Fri Dec 15 22:25:07 MST 2017
    ** Copyright 1986-2017 Xilinx, Inc. All Rights Reserved.

source system_SketchIP_1080p_0_1.tcl -notrace
Command: synth_design -top system_SketchIP_1080p_0_1 -part xc7z020clg484-1 -mode out_of_context
Starting synth_design
Attempting to get a license for feature 'Synthesis' and/or device 'xc7z020'
INFO: [Common 17-349] Got license for feature 'Synthesis' and/or device 'xc7z020'
INFO: Launching helper process for spawning children vivado processes
INFO: Helper process launched with PID 8412 
---------------------------------------------------------------------------------
Starting RTL Elaboration : Time (s): cpu = 00:00:20 ; elapsed = 00:00:22 . Memory (MB): peak = 355.711 ; gain = 105.070
---------------------------------------------------------------------------------
INFO: [Synth 8-638] synthesizing module 'system_SketchIP_1080p_0_1' [d:/GitCode/SketchSystem_Multi1080p/SketchSystem.srcs/sources_1/bd/system/ip/system_SketchIP_1080p_0_1/synth/system_SketchIP_1080p_0_1.v:57]
INFO: [Synth 8-638] synthesizing module 'imageProcessTop' [d:/GitCode/SketchSystem_Multi1080p/SketchSystem.srcs/sources_1/bd/system/ipshared/521a/sources_1/new/imageProcessTop.v:23]
INFO: [Synth 8-638] synthesizing module 'imageControl' [d:/GitCode/SketchSystem_Multi1080p/SketchSystem.srcs/sources_1/bd/system/ipshared/521a/sources_1/new/imageControl.v:23]
	Parameter IDLE bound to: 0 - type: integer 
	Parameter RD_BUFFER bound to: 1 - type: integer 
INFO: [Synth 8-638] synthesizing module 'lineBuffer' [d:/GitCode/SketchSystem_Multi1080p/SketchSystem.srcs/sources_1/bd/system/ipshared/521a/sources_1/new/lineBuffer.v:23]
INFO: [Synth 8-5534] Detected attribute (* max_fanout = "3" *) [d:/GitCode/SketchSystem_Multi1080p/SketchSystem.srcs/sources_1/bd/system/ipshared/521a/sources_1/new/lineBuffer.v:33]
INFO: [Synth 8-5534] Detected attribute (* max_fanout = "3" *) [d:/GitCode/SketchSystem_Multi1080p/SketchSystem.srcs/sources_1/bd/system/ipshared/521a/sources_1/new/lineBuffer.v:34]
INFO: [Synth 8-5534] Detected attribute (* max_fanout = "3" *) [d:/GitCode/SketchSystem_Multi1080p/SketchSystem.srcs/sources_1/bd/system/ipshared/521a/sources_1/new/lineBuffer.v:35]
INFO: [Synth 8-5534] Detected attribute (* max_fanout = "3" *) [d:/GitCode/SketchSystem_Multi1080p/SketchSystem.srcs/sources_1/bd/system/ipshared/521a/sources_1/new/lineBuffer.v:36]
INFO: [Synth 8-5534] Detected attribute (* max_fanout = "3" *) [d:/GitCode/SketchSystem_Multi1080p/SketchSystem.srcs/sources_1/bd/system/ipshared/521a/sources_1/new/lineBuffer.v:37]
INFO: [Synth 8-256] done synthesizing module 'lineBuffer' (1#1) [d:/GitCode/SketchSystem_Multi1080p/SketchSystem.srcs/sources_1/bd/system/ipshared/521a/sources_1/new/lineBuffer.v:23]
INFO: [Synth 8-256] done synthesizing module 'imageControl' (2#1) [d:/GitCode/SketchSystem_Multi1080p/SketchSystem.srcs/sources_1/bd/system/ipshared/521a/sources_1/new/imageControl.v:23]
INFO: [Synth 8-638] synthesizing module 'conv1' [d:/GitCode/SketchSystem_Multi1080p/SketchSystem.srcs/sources_1/bd/system/ipshared/521a/sources_1/new/conv1.v:23]
INFO: [Synth 8-638] synthesizing module 'div_gen_0' [d:/GitCode/SketchSystem_Multi1080p/SketchSystem.srcs/sources_1/bd/system/ip/system_SketchIP_1080p_0_1/sources_1/ip/div_gen_0/synth/div_gen_0.vhd:71]
	Parameter C_XDEVICEFAMILY bound to: zynq - type: string 
	Parameter C_HAS_ARESETN bound to: 0 - type: integer 
	Parameter C_HAS_ACLKEN bound to: 0 - type: integer 
	Parameter C_LATENCY bound to: 18 - type: integer 
	Parameter ALGORITHM_TYPE bound to: 1 - type: integer 
	Parameter DIVISOR_WIDTH bound to: 8 - type: integer 
	Parameter DIVIDEND_WIDTH bound to: 16 - type: integer 
	Parameter SIGNED_B bound to: 0 - type: integer 
	Parameter DIVCLK_SEL bound to: 1 - type: integer 
	Parameter FRACTIONAL_B bound to: 0 - type: integer 
	Parameter FRACTIONAL_WIDTH bound to: 8 - type: integer 
	Parameter C_HAS_DIV_BY_ZERO bound to: 0 - type: integer 
	Parameter C_THROTTLE_SCHEME bound to: 3 - type: integer 
	Parameter C_TLAST_RESOLUTION bound to: 0 - type: integer 
	Parameter C_HAS_S_AXIS_DIVISOR_TUSER bound to: 0 - type: integer 
	Parameter C_HAS_S_AXIS_DIVISOR_TLAST bound to: 0 - type: integer 
	Parameter C_S_AXIS_DIVISOR_TDATA_WIDTH bound to: 8 - type: integer 
	Parameter C_S_AXIS_DIVISOR_TUSER_WIDTH bound to: 1 - type: integer 
	Parameter C_HAS_S_AXIS_DIVIDEND_TUSER bound to: 0 - type: integer 
	Parameter C_HAS_S_AXIS_DIVIDEND_TLAST bound to: 0 - type: integer 
	Parameter C_S_AXIS_DIVIDEND_TDATA_WIDTH bound to: 16 - type: integer 
	Parameter C_S_AXIS_DIVIDEND_TUSER_WIDTH bound to: 1 - type: integer 
	Parameter C_M_AXIS_DOUT_TDATA_WIDTH bound to: 24 - type: integer 
	Parameter C_M_AXIS_DOUT_TUSER_WIDTH bound to: 1 - type: integer 
INFO: [Synth 8-3491] module 'div_gen_v5_1_12' declared at 'd:/GitCode/SketchSystem_Multi1080p/SketchSystem.srcs/sources_1/bd/system/ip/system_SketchIP_1080p_0_1/sources_1/ip/div_gen_0/hdl/div_gen_v5_1_vh_rfs.vhd:13849' bound to instance 'U0' of component 'div_gen_v5_1_12' [d:/GitCode/SketchSystem_Multi1080p/SketchSystem.srcs/sources_1/bd/system/ip/system_SketchIP_1080p_0_1/sources_1/ip/div_gen_0/synth/div_gen_0.vhd:143]
INFO: [Synth 8-256] done synthesizing module 'div_gen_0' (12#1) [d:/GitCode/SketchSystem_Multi1080p/SketchSystem.srcs/sources_1/bd/system/ip/system_SketchIP_1080p_0_1/sources_1/ip/div_gen_0/synth/div_gen_0.vhd:71]
WARNING: [Synth 8-3936] Found unconnected internal register 'curved_data_reg[8]' and it is trimmed from '16' to '8' bits. [d:/GitCode/SketchSystem_Multi1080p/SketchSystem.srcs/sources_1/bd/system/ipshared/521a/sources_1/new/conv1.v:140]
WARNING: [Synth 8-3936] Found unconnected internal register 'curved_data_reg[7]' and it is trimmed from '16' to '8' bits. [d:/GitCode/SketchSystem_Multi1080p/SketchSystem.srcs/sources_1/bd/system/ipshared/521a/sources_1/new/conv1.v:140]
WARNING: [Synth 8-3936] Found unconnected internal register 'curved_data_reg[6]' and it is trimmed from '16' to '8' bits. [d:/GitCode/SketchSystem_Multi1080p/SketchSystem.srcs/sources_1/bd/system/ipshared/521a/sources_1/new/conv1.v:140]
WARNING: [Synth 8-3936] Found unconnected internal register 'curved_data_reg[5]' and it is trimmed from '16' to '8' bits. [d:/GitCode/SketchSystem_Multi1080p/SketchSystem.srcs/sources_1/bd/system/ipshared/521a/sources_1/new/conv1.v:140]
WARNING: [Synth 8-3936] Found unconnected internal register 'multData1_s6_reg' and it is trimmed from '16' to '8' bits. [d:/GitCode/SketchSystem_Multi1080p/SketchSystem.srcs/sources_1/bd/system/ipshared/521a/sources_1/new/conv1.v:214]
WARNING: [Synth 8-3936] Found unconnected internal register 'curved_data_reg[4]' and it is trimmed from '16' to '8' bits. [d:/GitCode/SketchSystem_Multi1080p/SketchSystem.srcs/sources_1/bd/system/ipshared/521a/sources_1/new/conv1.v:140]
WARNING: [Synth 8-3936] Found unconnected internal register 'curved_data_reg[3]' and it is trimmed from '16' to '8' bits. [d:/GitCode/SketchSystem_Multi1080p/SketchSystem.srcs/sources_1/bd/system/ipshared/521a/sources_1/new/conv1.v:140]
WARNING: [Synth 8-3936] Found unconnected internal register 'curved_data_reg[2]' and it is trimmed from '16' to '8' bits. [d:/GitCode/SketchSystem_Multi1080p/SketchSystem.srcs/sources_1/bd/system/ipshared/521a/sources_1/new/conv1.v:140]
WARNING: [Synth 8-3936] Found unconnected internal register 'curved_data_reg[1]' and it is trimmed from '16' to '8' bits. [d:/GitCode/SketchSystem_Multi1080p/SketchSystem.srcs/sources_1/bd/system/ipshared/521a/sources_1/new/conv1.v:140]
WARNING: [Synth 8-3936] Found unconnected internal register 'curved_data_reg[0]' and it is trimmed from '16' to '8' bits. [d:/GitCode/SketchSystem_Multi1080p/SketchSystem.srcs/sources_1/bd/system/ipshared/521a/sources_1/new/conv1.v:140]
INFO: [Synth 8-256] done synthesizing module 'conv1' (13#1) [d:/GitCode/SketchSystem_Multi1080p/SketchSystem.srcs/sources_1/bd/system/ipshared/521a/sources_1/new/conv1.v:23]
INFO: [Synth 8-638] synthesizing module 'outputBuffer' [d:/GitCode/SketchSystem_Multi1080p/SketchSystem.srcs/sources_1/bd/system/ip/system_SketchIP_1080p_0_1/sources_1/ip/outputBuffer/synth/outputBuffer.vhd:75]
	Parameter C_COMMON_CLOCK bound to: 1 - type: integer 
	Parameter C_SELECT_XPM bound to: 0 - type: integer 
	Parameter C_COUNT_TYPE bound to: 0 - type: integer 
	Parameter C_DATA_COUNT_WIDTH bound to: 10 - type: integer 
	Parameter C_DEFAULT_VALUE bound to: BlankString - type: string 
	Parameter C_DIN_WIDTH bound to: 18 - type: integer 
	Parameter C_DOUT_RST_VAL bound to: 0 - type: string 
	Parameter C_DOUT_WIDTH bound to: 18 - type: integer 
	Parameter C_ENABLE_RLOCS bound to: 0 - type: integer 
	Parameter C_FAMILY bound to: zynq - type: string 
	Parameter C_FULL_FLAGS_RST_VAL bound to: 1 - type: integer 
	Parameter C_HAS_ALMOST_EMPTY bound to: 0 - type: integer 
	Parameter C_HAS_ALMOST_FULL bound to: 0 - type: integer 
	Parameter C_HAS_BACKUP bound to: 0 - type: integer 
	Parameter C_HAS_DATA_COUNT bound to: 0 - type: integer 
	Parameter C_HAS_INT_CLK bound to: 0 - type: integer 
	Parameter C_HAS_MEMINIT_FILE bound to: 0 - type: integer 
	Parameter C_HAS_OVERFLOW bound to: 0 - type: integer 
	Parameter C_HAS_RD_DATA_COUNT bound to: 0 - type: integer 
	Parameter C_HAS_RD_RST bound to: 0 - type: integer 
	Parameter C_HAS_RST bound to: 1 - type: integer 
	Parameter C_HAS_SRST bound to: 0 - type: integer 
	Parameter C_HAS_UNDERFLOW bound to: 0 - type: integer 
	Parameter C_HAS_VALID bound to: 0 - type: integer 
	Parameter C_HAS_WR_ACK bound to: 0 - type: integer 
	Parameter C_HAS_WR_DATA_COUNT bound to: 0 - type: integer 
	Parameter C_HAS_WR_RST bound to: 0 - type: integer 
	Parameter C_IMPLEMENTATION_TYPE bound to: 0 - type: integer 
	Parameter C_INIT_WR_PNTR_VAL bound to: 0 - type: integer 
	Parameter C_MEMORY_TYPE bound to: 1 - type: integer 
	Parameter C_MIF_FILE_NAME bound to: BlankString - type: string 
	Parameter C_OPTIMIZATION_MODE bound to: 0 - type: integer 
	Parameter C_OVERFLOW_LOW bound to: 0 - type: integer 
	Parameter C_PRELOAD_LATENCY bound to: 1 - type: integer 
	Parameter C_PRELOAD_REGS bound to: 0 - type: integer 
	Parameter C_PRIM_FIFO_TYPE bound to: 4kx4 - type: string 
	Parameter C_PROG_EMPTY_THRESH_ASSERT_VAL bound to: 2 - type: integer 
	Parameter C_PROG_EMPTY_THRESH_NEGATE_VAL bound to: 3 - type: integer 
	Parameter C_PROG_EMPTY_TYPE bound to: 0 - type: integer 
	Parameter C_PROG_FULL_THRESH_ASSERT_VAL bound to: 1022 - type: integer 
	Parameter C_PROG_FULL_THRESH_NEGATE_VAL bound to: 1021 - type: integer 
	Parameter C_PROG_FULL_TYPE bound to: 0 - type: integer 
	Parameter C_RD_DATA_COUNT_WIDTH bound to: 10 - type: integer 
	Parameter C_RD_DEPTH bound to: 1024 - type: integer 
	Parameter C_RD_FREQ bound to: 1 - type: integer 
	Parameter C_RD_PNTR_WIDTH bound to: 10 - type: integer 
	Parameter C_UNDERFLOW_LOW bound to: 0 - type: integer 
	Parameter C_USE_DOUT_RST bound to: 1 - type: integer 
	Parameter C_USE_ECC bound to: 0 - type: integer 
	Parameter C_USE_EMBEDDED_REG bound to: 0 - type: integer 
	Parameter C_USE_PIPELINE_REG bound to: 0 - type: integer 
	Parameter C_POWER_SAVING_MODE bound to: 0 - type: integer 
	Parameter C_USE_FIFO16_FLAGS bound to: 0 - type: integer 
	Parameter C_USE_FWFT_DATA_COUNT bound to: 0 - type: integer 
	Parameter C_VALID_LOW bound to: 0 - type: integer 
	Parameter C_WR_ACK_LOW bound to: 0 - type: integer 
	Parameter C_WR_DATA_COUNT_WIDTH bound to: 10 - type: integer 
	Parameter C_WR_DEPTH bound to: 1024 - type: integer 
	Parameter C_WR_FREQ bound to: 1 - type: integer 
	Parameter C_WR_PNTR_WIDTH bound to: 10 - type: integer 
	Parameter C_WR_RESPONSE_LATENCY bound to: 1 - type: integer 
	Parameter C_MSGON_VAL bound to: 1 - type: integer 
	Parameter C_ENABLE_RST_SYNC bound to: 1 - type: integer 
	Parameter C_EN_SAFETY_CKT bound to: 1 - type: integer 
	Parameter C_ERROR_INJECTION_TYPE bound to: 0 - type: integer 
	Parameter C_SYNCHRONIZER_STAGE bound to: 2 - type: integer 
	Parameter C_INTERFACE_TYPE bound to: 1 - type: integer 
	Parameter C_AXI_TYPE bound to: 1 - type: integer 
	Parameter C_HAS_AXI_WR_CHANNEL bound to: 1 - type: integer 
	Parameter C_HAS_AXI_RD_CHANNEL bound to: 1 - type: integer 
	Parameter C_HAS_SLAVE_CE bound to: 0 - type: integer 
	Parameter C_HAS_MASTER_CE bound to: 0 - type: integer 
	Parameter C_ADD_NGC_CONSTRAINT bound to: 0 - type: integer 
	Parameter C_USE_COMMON_OVERFLOW bound to: 0 - type: integer 
	Parameter C_USE_COMMON_UNDERFLOW bound to: 0 - type: integer 
	Parameter C_USE_DEFAULT_SETTINGS bound to: 0 - type: integer 
	Parameter C_AXI_ID_WIDTH bound to: 1 - type: integer 
	Parameter C_AXI_ADDR_WIDTH bound to: 32 - type: integer 
	Parameter C_AXI_DATA_WIDTH bound to: 64 - type: integer 
	Parameter C_AXI_LEN_WIDTH bound to: 8 - type: integer 
	Parameter C_AXI_LOCK_WIDTH bound to: 1 - type: integer 
	Parameter C_HAS_AXI_ID bound to: 0 - type: integer 
	Parameter C_HAS_AXI_AWUSER bound to: 0 - type: integer 
	Parameter C_HAS_AXI_WUSER bound to: 0 - type: integer 
	Parameter C_HAS_AXI_BUSER bound to: 0 - type: integer 
	Parameter C_HAS_AXI_ARUSER bound to: 0 - type: integer 
	Parameter C_HAS_AXI_RUSER bound to: 0 - type: integer 
	Parameter C_AXI_ARUSER_WIDTH bound to: 1 - type: integer 
	Parameter C_AXI_AWUSER_WIDTH bound to: 1 - type: integer 
	Parameter C_AXI_WUSER_WIDTH bound to: 1 - type: integer 
	Parameter C_AXI_BUSER_WIDTH bound to: 1 - type: integer 
	Parameter C_AXI_RUSER_WIDTH bound to: 1 - type: integer 
	Parameter C_HAS_AXIS_TDATA bound to: 1 - type: integer 
	Parameter C_HAS_AXIS_TID bound to: 0 - type: integer 
	Parameter C_HAS_AXIS_TDEST bound to: 0 - type: integer 
	Parameter C_HAS_AXIS_TUSER bound to: 0 - type: integer 
	Parameter C_HAS_AXIS_TREADY bound to: 1 - type: integer 
	Parameter C_HAS_AXIS_TLAST bound to: 0 - type: integer 
	Parameter C_HAS_AXIS_TSTRB bound to: 0 - type: integer 
	Parameter C_HAS_AXIS_TKEEP bound to: 0 - type: integer 
	Parameter C_AXIS_TDATA_WIDTH bound to: 8 - type: integer 
	Parameter C_AXIS_TID_WIDTH bound to: 1 - type: integer 
	Parameter C_AXIS_TDEST_WIDTH bound to: 1 - type: integer 
	Parameter C_AXIS_TUSER_WIDTH bound to: 1 - type: integer 
	Parameter C_AXIS_TSTRB_WIDTH bound to: 1 - type: integer 
	Parameter C_AXIS_TKEEP_WIDTH bound to: 1 - type: integer 
	Parameter C_WACH_TYPE bound to: 0 - type: integer 
	Parameter C_WDCH_TYPE bound to: 0 - type: integer 
	Parameter C_WRCH_TYPE bound to: 0 - type: integer 
	Parameter C_RACH_TYPE bound to: 0 - type: integer 
	Parameter C_RDCH_TYPE bound to: 0 - type: integer 
	Parameter C_AXIS_TYPE bound to: 0 - type: integer 
	Parameter C_IMPLEMENTATION_TYPE_WACH bound to: 2 - type: integer 
	Parameter C_IMPLEMENTATION_TYPE_WDCH bound to: 1 - type: integer 
	Parameter C_IMPLEMENTATION_TYPE_WRCH bound to: 2 - type: integer 
	Parameter C_IMPLEMENTATION_TYPE_RACH bound to: 2 - type: integer 
	Parameter C_IMPLEMENTATION_TYPE_RDCH bound to: 1 - type: integer 
	Parameter C_IMPLEMENTATION_TYPE_AXIS bound to: 1 - type: integer 
	Parameter C_APPLICATION_TYPE_WACH bound to: 0 - type: integer 
	Parameter C_APPLICATION_TYPE_WDCH bound to: 0 - type: integer 
	Parameter C_APPLICATION_TYPE_WRCH bound to: 0 - type: integer 
	Parameter C_APPLICATION_TYPE_RACH bound to: 0 - type: integer 
	Parameter C_APPLICATION_TYPE_RDCH bound to: 0 - type: integer 
	Parameter C_APPLICATION_TYPE_AXIS bound to: 0 - type: integer 
	Parameter C_PRIM_FIFO_TYPE_WACH bound to: 512x36 - type: string 
	Parameter C_PRIM_FIFO_TYPE_WDCH bound to: 1kx36 - type: string 
	Parameter C_PRIM_FIFO_TYPE_WRCH bound to: 512x36 - type: string 
	Parameter C_PRIM_FIFO_TYPE_RACH bound to: 512x36 - type: string 
	Parameter C_PRIM_FIFO_TYPE_RDCH bound to: 1kx36 - type: string 
	Parameter C_PRIM_FIFO_TYPE_AXIS bound to: 512x36 - type: string 
	Parameter C_USE_ECC_WACH bound to: 0 - type: integer 
	Parameter C_USE_ECC_WDCH bound to: 0 - type: integer 
	Parameter C_USE_ECC_WRCH bound to: 0 - type: integer 
	Parameter C_USE_ECC_RACH bound to: 0 - type: integer 
	Parameter C_USE_ECC_RDCH bound to: 0 - type: integer 
	Parameter C_USE_ECC_AXIS bound to: 0 - type: integer 
	Parameter C_ERROR_INJECTION_TYPE_WACH bound to: 0 - type: integer 
	Parameter C_ERROR_INJECTION_TYPE_WDCH bound to: 0 - type: integer 
	Parameter C_ERROR_INJECTION_TYPE_WRCH bound to: 0 - type: integer 
	Parameter C_ERROR_INJECTION_TYPE_RACH bound to: 0 - type: integer 
	Parameter C_ERROR_INJECTION_TYPE_RDCH bound to: 0 - type: integer 
	Parameter C_ERROR_INJECTION_TYPE_AXIS bound to: 0 - type: integer 
	Parameter C_DIN_WIDTH_WACH bound to: 32 - type: integer 
	Parameter C_DIN_WIDTH_WDCH bound to: 64 - type: integer 
	Parameter C_DIN_WIDTH_WRCH bound to: 2 - type: integer 
	Parameter C_DIN_WIDTH_RACH bound to: 32 - type: integer 
	Parameter C_DIN_WIDTH_RDCH bound to: 64 - type: integer 
	Parameter C_DIN_WIDTH_AXIS bound to: 8 - type: integer 
	Parameter C_WR_DEPTH_WACH bound to: 16 - type: integer 
	Parameter C_WR_DEPTH_WDCH bound to: 1024 - type: integer 
	Parameter C_WR_DEPTH_WRCH bound to: 16 - type: integer 
	Parameter C_WR_DEPTH_RACH bound to: 16 - type: integer 
	Parameter C_WR_DEPTH_RDCH bound to: 1024 - type: integer 
	Parameter C_WR_DEPTH_AXIS bound to: 64 - type: integer 
	Parameter C_WR_PNTR_WIDTH_WACH bound to: 4 - type: integer 
	Parameter C_WR_PNTR_WIDTH_WDCH bound to: 10 - type: integer 
	Parameter C_WR_PNTR_WIDTH_WRCH bound to: 4 - type: integer 
	Parameter C_WR_PNTR_WIDTH_RACH bound to: 4 - type: integer 
	Parameter C_WR_PNTR_WIDTH_RDCH bound to: 10 - type: integer 
	Parameter C_WR_PNTR_WIDTH_AXIS bound to: 6 - type: integer 
	Parameter C_HAS_DATA_COUNTS_WACH bound to: 0 - type: integer 
	Parameter C_HAS_DATA_COUNTS_WDCH bound to: 0 - type: integer 
	Parameter C_HAS_DATA_COUNTS_WRCH bound to: 0 - type: integer 
	Parameter C_HAS_DATA_COUNTS_RACH bound to: 0 - type: integer 
	Parameter C_HAS_DATA_COUNTS_RDCH bound to: 0 - type: integer 
	Parameter C_HAS_DATA_COUNTS_AXIS bound to: 0 - type: integer 
	Parameter C_HAS_PROG_FLAGS_WACH bound to: 0 - type: integer 
	Parameter C_HAS_PROG_FLAGS_WDCH bound to: 0 - type: integer 
	Parameter C_HAS_PROG_FLAGS_WRCH bound to: 0 - type: integer 
	Parameter C_HAS_PROG_FLAGS_RACH bound to: 0 - type: integer 
	Parameter C_HAS_PROG_FLAGS_RDCH bound to: 0 - type: integer 
	Parameter C_HAS_PROG_FLAGS_AXIS bound to: 0 - type: integer 
	Parameter C_PROG_FULL_TYPE_WACH bound to: 0 - type: integer 
	Parameter C_PROG_FULL_TYPE_WDCH bound to: 0 - type: integer 
	Parameter C_PROG_FULL_TYPE_WRCH bound to: 0 - type: integer 
	Parameter C_PROG_FULL_TYPE_RACH bound to: 0 - type: integer 
	Parameter C_PROG_FULL_TYPE_RDCH bound to: 0 - type: integer 
	Parameter C_PROG_FULL_TYPE_AXIS bound to: 1 - type: integer 
	Parameter C_PROG_FULL_THRESH_ASSERT_VAL_WACH bound to: 15 - type: integer 
	Parameter C_PROG_FULL_THRESH_ASSERT_VAL_WDCH bound to: 1023 - type: integer 
	Parameter C_PROG_FULL_THRESH_ASSERT_VAL_WRCH bound to: 15 - type: integer 
	Parameter C_PROG_FULL_THRESH_ASSERT_VAL_RACH bound to: 15 - type: integer 
	Parameter C_PROG_FULL_THRESH_ASSERT_VAL_RDCH bound to: 1023 - type: integer 
	Parameter C_PROG_FULL_THRESH_ASSERT_VAL_AXIS bound to: 43 - type: integer 
	Parameter C_PROG_EMPTY_TYPE_WACH bound to: 0 - type: integer 
	Parameter C_PROG_EMPTY_TYPE_WDCH bound to: 0 - type: integer 
	Parameter C_PROG_EMPTY_TYPE_WRCH bound to: 0 - type: integer 
	Parameter C_PROG_EMPTY_TYPE_RACH bound to: 0 - type: integer 
	Parameter C_PROG_EMPTY_TYPE_RDCH bound to: 0 - type: integer 
	Parameter C_PROG_EMPTY_TYPE_AXIS bound to: 0 - type: integer 
	Parameter C_PROG_EMPTY_THRESH_ASSERT_VAL_WACH bound to: 14 - type: integer 
	Parameter C_PROG_EMPTY_THRESH_ASSERT_VAL_WDCH bound to: 1022 - type: integer 
	Parameter C_PROG_EMPTY_THRESH_ASSERT_VAL_WRCH bound to: 14 - type: integer 
	Parameter C_PROG_EMPTY_THRESH_ASSERT_VAL_RACH bound to: 14 - type: integer 
	Parameter C_PROG_EMPTY_THRESH_ASSERT_VAL_RDCH bound to: 1022 - type: integer 
	Parameter C_PROG_EMPTY_THRESH_ASSERT_VAL_AXIS bound to: 62 - type: integer 
	Parameter C_REG_SLICE_MODE_WACH bound to: 0 - type: integer 
	Parameter C_REG_SLICE_MODE_WDCH bound to: 0 - type: integer 
	Parameter C_REG_SLICE_MODE_WRCH bound to: 0 - type: integer 
	Parameter C_REG_SLICE_MODE_RACH bound to: 0 - type: integer 
	Parameter C_REG_SLICE_MODE_RDCH bound to: 0 - type: integer 
	Parameter C_REG_SLICE_MODE_AXIS bound to: 0 - type: integer 
INFO: [Synth 8-3491] module 'fifo_generator_v13_2_1' declared at 'd:/GitCode/SketchSystem_Multi1080p/SketchSystem.srcs/sources_1/bd/system/ip/system_SketchIP_1080p_0_1/sources_1/ip/outputBuffer/hdl/fifo_generator_v13_2_vhsyn_rfs.vhd:38483' bound to instance 'U0' of component 'fifo_generator_v13_2_1' [d:/GitCode/SketchSystem_Multi1080p/SketchSystem.srcs/sources_1/bd/system/ip/system_SketchIP_1080p_0_1/sources_1/ip/outputBuffer/synth/outputBuffer.vhd:547]
INFO: [Synth 8-638] synthesizing module 'xpm_cdc_sync_rst' [C:/Xilinx/Vivado/2017.4/data/ip/xpm/xpm_cdc/hdl/xpm_cdc.sv:1045]
INFO: [Synth 8-5534] Detected attribute (* ASYNC_REG = "TRUE" *) [C:/Xilinx/Vivado/2017.4/data/ip/xpm/xpm_cdc/hdl/xpm_cdc.sv:1097]
INFO: [Synth 8-256] done synthesizing module 'xpm_cdc_sync_rst' (14#1) [C:/Xilinx/Vivado/2017.4/data/ip/xpm/xpm_cdc/hdl/xpm_cdc.sv:1045]
INFO: [Synth 8-256] done synthesizing module 'outputBuffer' (40#1) [d:/GitCode/SketchSystem_Multi1080p/SketchSystem.srcs/sources_1/bd/system/ip/system_SketchIP_1080p_0_1/sources_1/ip/outputBuffer/synth/outputBuffer.vhd:75]
INFO: [Synth 8-256] done synthesizing module 'imageProcessTop' (41#1) [d:/GitCode/SketchSystem_Multi1080p/SketchSystem.srcs/sources_1/bd/system/ipshared/521a/sources_1/new/imageProcessTop.v:23]
INFO: [Synth 8-256] done synthesizing module 'system_SketchIP_1080p_0_1' (42#1) [d:/GitCode/SketchSystem_Multi1080p/SketchSystem.srcs/sources_1/bd/system/ip/system_SketchIP_1080p_0_1/synth/system_SketchIP_1080p_0_1.v:57]
WARNING: [Synth 8-3331] design wr_pf_ss has unconnected port PROG_FULL_THRESH[5]
WARNING: [Synth 8-3331] design wr_pf_ss has unconnected port PROG_FULL_THRESH[4]
WARNING: [Synth 8-3331] design wr_pf_ss has unconnected port PROG_FULL_THRESH[3]
WARNING: [Synth 8-3331] design wr_pf_ss has unconnected port PROG_FULL_THRESH[2]
WARNING: [Synth 8-3331] design wr_pf_ss has unconnected port PROG_FULL_THRESH[1]
WARNING: [Synth 8-3331] design wr_pf_ss has unconnected port PROG_FULL_THRESH[0]
WARNING: [Synth 8-3331] design wr_pf_ss has unconnected port PROG_FULL_THRESH_ASSERT[5]
WARNING: [Synth 8-3331] design wr_pf_ss has unconnected port PROG_FULL_THRESH_ASSERT[4]
WARNING: [Synth 8-3331] design wr_pf_ss has unconnected port PROG_FULL_THRESH_ASSERT[3]
WARNING: [Synth 8-3331] design wr_pf_ss has unconnected port PROG_FULL_THRESH_ASSERT[2]
WARNING: [Synth 8-3331] design wr_pf_ss has unconnected port PROG_FULL_THRESH_ASSERT[1]
WARNING: [Synth 8-3331] design wr_pf_ss has unconnected port PROG_FULL_THRESH_ASSERT[0]
WARNING: [Synth 8-3331] design wr_pf_ss has unconnected port PROG_FULL_THRESH_NEGATE[5]
WARNING: [Synth 8-3331] design wr_pf_ss has unconnected port PROG_FULL_THRESH_NEGATE[4]
WARNING: [Synth 8-3331] design wr_pf_ss has unconnected port PROG_FULL_THRESH_NEGATE[3]
WARNING: [Synth 8-3331] design wr_pf_ss has unconnected port PROG_FULL_THRESH_NEGATE[2]
WARNING: [Synth 8-3331] design wr_pf_ss has unconnected port PROG_FULL_THRESH_NEGATE[1]
WARNING: [Synth 8-3331] design wr_pf_ss has unconnected port PROG_FULL_THRESH_NEGATE[0]
WARNING: [Synth 8-3331] design wr_pf_ss has unconnected port WR_RST
WARNING: [Synth 8-3331] design wr_pf_ss has unconnected port RST_FULL_FF
WARNING: [Synth 8-3331] design wr_pf_ss has unconnected port FULL
WARNING: [Synth 8-3331] design wr_pf_ss has unconnected port EMPTY
WARNING: [Synth 8-3331] design wr_pf_ss has unconnected port RAM_ALMOST_FULL
WARNING: [Synth 8-3331] design wr_pf_ss has unconnected port RAM_ALMOST_EMPTY
WARNING: [Synth 8-3331] design wr_pf_ss has unconnected port WR_PNTR[5]
WARNING: [Synth 8-3331] design wr_pf_ss has unconnected port WR_PNTR[4]
WARNING: [Synth 8-3331] design wr_pf_ss has unconnected port WR_PNTR[3]
WARNING: [Synth 8-3331] design wr_pf_ss has unconnected port WR_PNTR[2]
WARNING: [Synth 8-3331] design wr_pf_ss has unconnected port WR_PNTR[1]
WARNING: [Synth 8-3331] design wr_pf_ss has unconnected port WR_PNTR[0]
WARNING: [Synth 8-3331] design wr_status_flags_ss has unconnected port RST_FULL_FF
WARNING: [Synth 8-3331] design wr_status_flags_ss has unconnected port WR_RST
WARNING: [Synth 8-3331] design wr_status_flags_ss has unconnected port SRST
WARNING: [Synth 8-3331] design wr_status_flags_ss has unconnected port SAFETY_CKT_WR_RST
WARNING: [Synth 8-3331] design wr_status_flags_ss has unconnected port WR_PNTR_PLUS2[5]
WARNING: [Synth 8-3331] design wr_status_flags_ss has unconnected port WR_PNTR_PLUS2[4]
WARNING: [Synth 8-3331] design wr_status_flags_ss has unconnected port WR_PNTR_PLUS2[3]
WARNING: [Synth 8-3331] design wr_status_flags_ss has unconnected port WR_PNTR_PLUS2[2]
WARNING: [Synth 8-3331] design wr_status_flags_ss has unconnected port WR_PNTR_PLUS2[1]
WARNING: [Synth 8-3331] design wr_status_flags_ss has unconnected port WR_PNTR_PLUS2[0]
WARNING: [Synth 8-3331] design wr_status_flags_ss has unconnected port WR_PNTR_PLUS3[5]
WARNING: [Synth 8-3331] design wr_status_flags_ss has unconnected port WR_PNTR_PLUS3[4]
WARNING: [Synth 8-3331] design wr_status_flags_ss has unconnected port WR_PNTR_PLUS3[3]
WARNING: [Synth 8-3331] design wr_status_flags_ss has unconnected port WR_PNTR_PLUS3[2]
WARNING: [Synth 8-3331] design wr_status_flags_ss has unconnected port WR_PNTR_PLUS3[1]
WARNING: [Synth 8-3331] design wr_status_flags_ss has unconnected port WR_PNTR_PLUS3[0]
WARNING: [Synth 8-3331] design wr_bin_cntr has unconnected port RST
WARNING: [Synth 8-3331] design wr_logic has unconnected port WR_EN_INTO_LOGIC
WARNING: [Synth 8-3331] design wr_logic has unconnected port WR_RST_INTO_LOGIC
WARNING: [Synth 8-3331] design wr_logic has unconnected port RD_EN
WARNING: [Synth 8-3331] design wr_logic has unconnected port WR_RST_BUSY
WARNING: [Synth 8-3331] design rd_fwft has unconnected port RD_RST
WARNING: [Synth 8-3331] design rd_fwft has unconnected port SAFETY_CKT_RD_RST
WARNING: [Synth 8-3331] design rd_fwft has unconnected port RAM_ALMOST_EMPTY
WARNING: [Synth 8-3331] design rd_status_flags_ss has unconnected port RD_RST
WARNING: [Synth 8-3331] design rd_status_flags_ss has unconnected port SAFETY_CKT_RD_RST
WARNING: [Synth 8-3331] design rd_status_flags_ss has unconnected port RD_PNTR_PLUS2[5]
WARNING: [Synth 8-3331] design rd_status_flags_ss has unconnected port RD_PNTR_PLUS2[4]
WARNING: [Synth 8-3331] design rd_status_flags_ss has unconnected port RD_PNTR_PLUS2[3]
WARNING: [Synth 8-3331] design rd_status_flags_ss has unconnected port RD_PNTR_PLUS2[2]
WARNING: [Synth 8-3331] design rd_status_flags_ss has unconnected port RD_PNTR_PLUS2[1]
WARNING: [Synth 8-3331] design rd_status_flags_ss has unconnected port RD_PNTR_PLUS2[0]
WARNING: [Synth 8-3331] design rd_bin_cntr has unconnected port RST
WARNING: [Synth 8-3331] design rd_logic has unconnected port RD_EN_INTO_LOGIC
WARNING: [Synth 8-3331] design rd_logic has unconnected port RD_RST_INTO_LOGIC
WARNING: [Synth 8-3331] design rd_logic has unconnected port RD_RST_BUSY
WARNING: [Synth 8-3331] design rd_logic has unconnected port RST_FULL_FF
WARNING: [Synth 8-3331] design rd_logic has unconnected port ALMOST_FULL_FB
WARNING: [Synth 8-3331] design rd_logic has unconnected port FULL
WARNING: [Synth 8-3331] design rd_logic has unconnected port WR_PNTR_PLUS1_RD[5]
WARNING: [Synth 8-3331] design rd_logic has unconnected port WR_PNTR_PLUS1_RD[4]
WARNING: [Synth 8-3331] design rd_logic has unconnected port WR_PNTR_PLUS1_RD[3]
WARNING: [Synth 8-3331] design rd_logic has unconnected port WR_PNTR_PLUS1_RD[2]
WARNING: [Synth 8-3331] design rd_logic has unconnected port WR_PNTR_PLUS1_RD[1]
WARNING: [Synth 8-3331] design rd_logic has unconnected port WR_PNTR_PLUS1_RD[0]
WARNING: [Synth 8-3331] design rd_logic has unconnected port PROG_EMPTY_THRESH[5]
WARNING: [Synth 8-3331] design rd_logic has unconnected port PROG_EMPTY_THRESH[4]
WARNING: [Synth 8-3331] design rd_logic has unconnected port PROG_EMPTY_THRESH[3]
WARNING: [Synth 8-3331] design rd_logic has unconnected port PROG_EMPTY_THRESH[2]
WARNING: [Synth 8-3331] design rd_logic has unconnected port PROG_EMPTY_THRESH[1]
WARNING: [Synth 8-3331] design rd_logic has unconnected port PROG_EMPTY_THRESH[0]
WARNING: [Synth 8-3331] design rd_logic has unconnected port PROG_EMPTY_THRESH_ASSERT[5]
WARNING: [Synth 8-3331] design rd_logic has unconnected port PROG_EMPTY_THRESH_ASSERT[4]
WARNING: [Synth 8-3331] design rd_logic has unconnected port PROG_EMPTY_THRESH_ASSERT[3]
WARNING: [Synth 8-3331] design rd_logic has unconnected port PROG_EMPTY_THRESH_ASSERT[2]
WARNING: [Synth 8-3331] design rd_logic has unconnected port PROG_EMPTY_THRESH_ASSERT[1]
WARNING: [Synth 8-3331] design rd_logic has unconnected port PROG_EMPTY_THRESH_ASSERT[0]
WARNING: [Synth 8-3331] design rd_logic has unconnected port PROG_EMPTY_THRESH_NEGATE[5]
WARNING: [Synth 8-3331] design rd_logic has unconnected port PROG_EMPTY_THRESH_NEGATE[4]
WARNING: [Synth 8-3331] design rd_logic has unconnected port PROG_EMPTY_THRESH_NEGATE[3]
WARNING: [Synth 8-3331] design rd_logic has unconnected port PROG_EMPTY_THRESH_NEGATE[2]
WARNING: [Synth 8-3331] design rd_logic has unconnected port PROG_EMPTY_THRESH_NEGATE[1]
WARNING: [Synth 8-3331] design rd_logic has unconnected port PROG_EMPTY_THRESH_NEGATE[0]
WARNING: [Synth 8-3331] design blk_mem_gen_prim_wrapper has unconnected port SSRA
WARNING: [Synth 8-3331] design blk_mem_gen_prim_wrapper has unconnected port REGCEA
WARNING: [Synth 8-3331] design blk_mem_gen_prim_wrapper has unconnected port SSRB
WARNING: [Synth 8-3331] design blk_mem_gen_prim_wrapper has unconnected port WEB[0]
WARNING: [Synth 8-3331] design blk_mem_gen_prim_wrapper has unconnected port DINB[35]
WARNING: [Synth 8-3331] design blk_mem_gen_prim_wrapper has unconnected port DINB[34]
WARNING: [Synth 8-3331] design blk_mem_gen_prim_wrapper has unconnected port DINB[33]
INFO: [Common 17-14] Message 'Synth 8-3331' appears 100 times and further instances of the messages will be disabled. Use the Tcl command set_msg_config to change the current settings.
---------------------------------------------------------------------------------
Finished RTL Elaboration : Time (s): cpu = 00:02:05 ; elapsed = 00:02:21 . Memory (MB): peak = 690.500 ; gain = 439.859
---------------------------------------------------------------------------------

Report Check Netlist: 
+------+------------------+-------+---------+-------+------------------+
|      |Item              |Errors |Warnings |Status |Description       |
+------+------------------+-------+---------+-------+------------------+
|1     |multi_driven_nets |      0|        0|Passed |Multi driven nets |
+------+------------------+-------+---------+-------+------------------+
---------------------------------------------------------------------------------
Finished RTL Optimization Phase 1 : Time (s): cpu = 00:02:05 ; elapsed = 00:02:22 . Memory (MB): peak = 690.500 ; gain = 439.859
---------------------------------------------------------------------------------
WARNING: [Synth 37-28] Duplicate attribute 'max_fanout' found for instance 'rdPntr_reg' of module 'RTL_REG_SYNC1'.
Resolution: Check your design sources near the definition of the module or any related 'include files, looking for duplicate definitions with different values.
WARNING: [Synth 37-28] Duplicate attribute 'max_fanout' found for instance 'rdPntr2_reg' of module 'RTL_REG_SYNC1'.
Resolution: Check your design sources near the definition of the module or any related 'include files, looking for duplicate definitions with different values.
WARNING: [Synth 37-28] Duplicate attribute 'max_fanout' found for instance 'rdPntr3_reg' of module 'RTL_REG_SYNC1'.
Resolution: Check your design sources near the definition of the module or any related 'include files, looking for duplicate definitions with different values.
WARNING: [Synth 37-28] Duplicate attribute 'max_fanout' found for instance 'wrPntr_reg' of module 'RTL_REG_SYNC1'.
Resolution: Check your design sources near the definition of the module or any related 'include files, looking for duplicate definitions with different values.
WARNING: [Synth 37-28] Duplicate attribute 'max_fanout' found for instance 'wrPntr2_reg' of module 'RTL_REG_SYNC1'.
Resolution: Check your design sources near the definition of the module or any related 'include files, looking for duplicate definitions with different values.
INFO: [Netlist 29-17] Analyzing 307 Unisim elements for replacement
INFO: [Netlist 29-28] Unisim Transformation completed in 0 CPU seconds
INFO: [Device 21-403] Loading part xc7z020clg484-1
INFO: [Project 1-570] Preparing netlist for logic optimization

Processing XDC Constraints
Initializing timing engine
Parsing XDC File [d:/GitCode/SketchSystem_Multi1080p/SketchSystem.srcs/sources_1/bd/system/ip/system_SketchIP_1080p_0_1/sources_1/ip/outputBuffer/outputBuffer.xdc] for cell 'inst/OB/U0'
Finished Parsing XDC File [d:/GitCode/SketchSystem_Multi1080p/SketchSystem.srcs/sources_1/bd/system/ip/system_SketchIP_1080p_0_1/sources_1/ip/outputBuffer/outputBuffer.xdc] for cell 'inst/OB/U0'
Parsing XDC File [d:/GitCode/SketchSystem_Multi1080p/SketchSystem.srcs/sources_1/bd/system/ip/system_SketchIP_1080p_0_1/constrs_1/new/sketchConstraints.xdc] for cell 'inst'
Finished Parsing XDC File [d:/GitCode/SketchSystem_Multi1080p/SketchSystem.srcs/sources_1/bd/system/ip/system_SketchIP_1080p_0_1/constrs_1/new/sketchConstraints.xdc] for cell 'inst'
Parsing XDC File [D:/GitCode/SketchSystem_Multi1080p/SketchSystem.runs/system_SketchIP_1080p_0_1_synth_1/dont_touch.xdc]
Finished Parsing XDC File [D:/GitCode/SketchSystem_Multi1080p/SketchSystem.runs/system_SketchIP_1080p_0_1_synth_1/dont_touch.xdc]
INFO: [Project 1-236] Implementation specific constraints were found while reading constraint file [D:/GitCode/SketchSystem_Multi1080p/SketchSystem.runs/system_SketchIP_1080p_0_1_synth_1/dont_touch.xdc]. These constraints will be ignored for synthesis but will be used in implementation. Impacted constraints are listed in the file [.Xil/system_SketchIP_1080p_0_1_propImpl.xdc].
Resolution: To avoid this warning, move constraints listed in [.Xil/system_SketchIP_1080p_0_1_propImpl.xdc] to another XDC file and exclude this new file from synthesis with the used_in_synthesis property (File Properties dialog in GUI) and re-run elaboration/synthesis.
Sourcing Tcl File [C:/Xilinx/Vivado/2017.4/data/ip/xpm/xpm_cdc/tcl/xpm_cdc_sync_rst.tcl] for cell 'inst/OB/U0/inst_fifo_gen/gaxis_fifo.gaxisf.axisf/grf.rf/rstblk/ngwrdrst.grst.g7serrst.gsckt_wrst.xpm_cdc_sync_rst_inst_wrst'
Finished Sourcing Tcl File [C:/Xilinx/Vivado/2017.4/data/ip/xpm/xpm_cdc/tcl/xpm_cdc_sync_rst.tcl] for cell 'inst/OB/U0/inst_fifo_gen/gaxis_fifo.gaxisf.axisf/grf.rf/rstblk/ngwrdrst.grst.g7serrst.gsckt_wrst.xpm_cdc_sync_rst_inst_wrst'
Completed Processing XDC Constraints

INFO: [Project 1-111] Unisim Transformation Summary:
No Unisim elements were transformed.

Constraint Validation Runtime : Time (s): cpu = 00:00:01 ; elapsed = 00:00:00.058 . Memory (MB): peak = 793.367 ; gain = 0.000
---------------------------------------------------------------------------------
Finished Constraint Validation : Time (s): cpu = 00:02:27 ; elapsed = 00:02:49 . Memory (MB): peak = 793.367 ; gain = 542.727
---------------------------------------------------------------------------------
---------------------------------------------------------------------------------
Start Loading Part and Timing Information
---------------------------------------------------------------------------------
Loading part: xc7z020clg484-1
---------------------------------------------------------------------------------
Finished Loading Part and Timing Information : Time (s): cpu = 00:02:27 ; elapsed = 00:02:49 . Memory (MB): peak = 793.367 ; gain = 542.727
---------------------------------------------------------------------------------
---------------------------------------------------------------------------------
Start Applying 'set_property' XDC Constraints
---------------------------------------------------------------------------------
Applied set_property DONT_TOUCH = true for inst/OB/U0. (constraint file  D:/GitCode/SketchSystem_Multi1080p/SketchSystem.runs/system_SketchIP_1080p_0_1_synth_1/dont_touch.xdc, line 14).
Applied set_property DONT_TOUCH = true for inst. (constraint file  D:/GitCode/SketchSystem_Multi1080p/SketchSystem.runs/system_SketchIP_1080p_0_1_synth_1/dont_touch.xdc, line 18).
Applied set_property DONT_TOUCH = true for inst/OB. (constraint file  auto generated constraint, line ).
Applied set_property DONT_TOUCH = true for inst/OB/U0/inst_fifo_gen/\gaxis_fifo.gaxisf.axisf /\grf.rf /rstblk/\ngwrdrst.grst.g7serrst.gsckt_wrst.xpm_cdc_sync_rst_inst_wrst . (constraint file  auto generated constraint, line ).
Applied set_property DONT_TOUCH = true for inst/conv1/div1. (constraint file  auto generated constraint, line ).
---------------------------------------------------------------------------------
Finished applying 'set_property' XDC Constraints : Time (s): cpu = 00:02:27 ; elapsed = 00:02:50 . Memory (MB): peak = 793.367 ; gain = 542.727
---------------------------------------------------------------------------------
INFO: [Synth 8-4471] merging register 'rdState_reg' into 'rd_line_buffer_reg' [d:/GitCode/SketchSystem_Multi1080p/SketchSystem.srcs/sources_1/bd/system/ipshared/521a/sources_1/new/imageControl.v:71]
WARNING: [Synth 8-6014] Unused sequential element rdState_reg was removed.  [d:/GitCode/SketchSystem_Multi1080p/SketchSystem.srcs/sources_1/bd/system/ipshared/521a/sources_1/new/imageControl.v:71]
INFO: [Synth 8-5818] HDL ADVISOR - The operator resource <adder> is shared. To prevent sharing consider applying a KEEP on the output of the operator [d:/GitCode/SketchSystem_Multi1080p/SketchSystem.srcs/sources_1/bd/system/ipshared/521a/sources_1/new/imageControl.v:60]
INFO: [Synth 8-5546] ROM "rdState" won't be mapped to RAM because it is too sparse
INFO: [Synth 8-5544] ROM "leaving_empty_fwft" won't be mapped to Block RAM because address size (2) smaller than threshold (5)
---------------------------------------------------------------------------------
Finished RTL Optimization Phase 2 : Time (s): cpu = 00:02:30 ; elapsed = 00:02:52 . Memory (MB): peak = 793.367 ; gain = 542.727
---------------------------------------------------------------------------------

Report RTL Partitions: 
+-+--------------+------------+----------+
| |RTL Partition |Replication |Instances |
+-+--------------+------------+----------+
+-+--------------+------------+----------+
---------------------------------------------------------------------------------
Start RTL Component Statistics 
---------------------------------------------------------------------------------
---------------------------------------------------------------------------------
Finished RTL Component Statistics 
---------------------------------------------------------------------------------
---------------------------------------------------------------------------------
Start RTL Hierarchical Component Statistics 
---------------------------------------------------------------------------------
---------------------------------------------------------------------------------
Finished RTL Hierarchical Component Statistics
---------------------------------------------------------------------------------
---------------------------------------------------------------------------------
Start Part Resource Summary
---------------------------------------------------------------------------------
Part Resources:
DSPs: 220 (col length:60)
BRAMs: 280 (col length: RAMB18 60 RAMB36 30)
---------------------------------------------------------------------------------
Finished Part Resource Summary
---------------------------------------------------------------------------------
---------------------------------------------------------------------------------
Start Cross Boundary and Area Optimization
---------------------------------------------------------------------------------
INFO: [Synth 8-5546] ROM "IC/rdState" won't be mapped to RAM because it is too sparse
INFO: [Synth 8-3333] propagating constant 0 across sequential element (inst/\conv1/dodge_data_s1_reg[0] )
INFO: [Synth 8-3333] propagating constant 0 across sequential element (inst/\conv1/dodge_data_s1_reg[1] )
INFO: [Synth 8-3333] propagating constant 0 across sequential element (inst/\conv1/dodge_data_s1_reg[2] )
INFO: [Synth 8-3333] propagating constant 0 across sequential element (inst/\conv1/dodge_data_s1_reg[3] )
INFO: [Synth 8-3333] propagating constant 0 across sequential element (inst/\conv1/dodge_data_s1_reg[4] )
INFO: [Synth 8-3333] propagating constant 0 across sequential element (inst/\conv1/dodge_data_s1_reg[5] )
INFO: [Synth 8-3333] propagating constant 0 across sequential element (inst/\conv1/dodge_data_s1_reg[6] )
INFO: [Synth 8-3333] propagating constant 0 across sequential element (inst/\conv1/dodge_data_s1_reg[7] )
WARNING: [Synth 8-3332] Sequential element (conv1/dodge_data_s1_reg[7]) is unused and will be removed from module imageProcessTop.
WARNING: [Synth 8-3332] Sequential element (conv1/dodge_data_s1_reg[6]) is unused and will be removed from module imageProcessTop.
WARNING: [Synth 8-3332] Sequential element (conv1/dodge_data_s1_reg[5]) is unused and will be removed from module imageProcessTop.
WARNING: [Synth 8-3332] Sequential element (conv1/dodge_data_s1_reg[4]) is unused and will be removed from module imageProcessTop.
WARNING: [Synth 8-3332] Sequential element (conv1/dodge_data_s1_reg[3]) is unused and will be removed from module imageProcessTop.
WARNING: [Synth 8-3332] Sequential element (conv1/dodge_data_s1_reg[2]) is unused and will be removed from module imageProcessTop.
WARNING: [Synth 8-3332] Sequential element (conv1/dodge_data_s1_reg[1]) is unused and will be removed from module imageProcessTop.
WARNING: [Synth 8-3332] Sequential element (conv1/dodge_data_s1_reg[0]) is unused and will be removed from module imageProcessTop.
WARNING: [Synth 8-3332] Sequential element (inst_fifo_gen/gaxis_fifo.gaxisf.axisf/grf.rf/gntv_or_sync_fifo.gl0.wr/gwss.gpf.wrpf/gdiff.gcry_1_sym.diff_pntr_pad_reg[0]) is unused and will be removed from module fifo_generator_v13_2_1.
INFO: [Synth 8-3886] merging instance 'inst/OB/U0/inst_fifo_gen/gaxis_fifo.gaxisf.axisf/grf.rf/gntv_or_sync_fifo.mem/gbm.gbmg.gbmga.ngecc.bmg/inst_blk_mem_gen/gnbram.gnativebmg.native_blk_mem_gen/valid.cstr/ramloop[0].ram.r/SAFETY_CKT_GEN.RSTA_SHFT_REG_reg[0]' (FDS) to 'inst/OB/U0/inst_fifo_gen/gaxis_fifo.gaxisf.axisf/grf.rf/gntv_or_sync_fifo.mem/gbm.gbmg.gbmga.ngecc.bmg/inst_blk_mem_gen/gnbram.gnativebmg.native_blk_mem_gen/valid.cstr/ramloop[0].ram.r/SAFETY_CKT_GEN.RSTB_SHFT_REG_reg[0]'
INFO: [Synth 8-3886] merging instance 'inst/OB/U0/inst_fifo_gen/gaxis_fifo.gaxisf.axisf/grf.rf/gntv_or_sync_fifo.mem/gbm.gbmg.gbmga.ngecc.bmg/inst_blk_mem_gen/gnbram.gnativebmg.native_blk_mem_gen/valid.cstr/ramloop[0].ram.r/SAFETY_CKT_GEN.RSTA_SHFT_REG_reg[1]' (FD) to 'inst/OB/U0/inst_fifo_gen/gaxis_fifo.gaxisf.axisf/grf.rf/gntv_or_sync_fifo.mem/gbm.gbmg.gbmga.ngecc.bmg/inst_blk_mem_gen/gnbram.gnativebmg.native_blk_mem_gen/valid.cstr/ramloop[0].ram.r/SAFETY_CKT_GEN.RSTB_SHFT_REG_reg[1]'
INFO: [Synth 8-3886] merging instance 'inst/OB/U0/inst_fifo_gen/gaxis_fifo.gaxisf.axisf/grf.rf/gntv_or_sync_fifo.mem/gbm.gbmg.gbmga.ngecc.bmg/inst_blk_mem_gen/gnbram.gnativebmg.native_blk_mem_gen/valid.cstr/ramloop[0].ram.r/SAFETY_CKT_GEN.RSTA_SHFT_REG_reg[2]' (FD) to 'inst/OB/U0/inst_fifo_gen/gaxis_fifo.gaxisf.axisf/grf.rf/gntv_or_sync_fifo.mem/gbm.gbmg.gbmga.ngecc.bmg/inst_blk_mem_gen/gnbram.gnativebmg.native_blk_mem_gen/valid.cstr/ramloop[0].ram.r/SAFETY_CKT_GEN.RSTB_SHFT_REG_reg[2]'
INFO: [Synth 8-3886] merging instance 'inst/OB/U0/inst_fifo_gen/gaxis_fifo.gaxisf.axisf/grf.rf/gntv_or_sync_fifo.mem/gbm.gbmg.gbmga.ngecc.bmg/inst_blk_mem_gen/gnbram.gnativebmg.native_blk_mem_gen/valid.cstr/ramloop[0].ram.r/SAFETY_CKT_GEN.RSTA_SHFT_REG_reg[3]' (FD) to 'inst/OB/U0/inst_fifo_gen/gaxis_fifo.gaxisf.axisf/grf.rf/gntv_or_sync_fifo.mem/gbm.gbmg.gbmga.ngecc.bmg/inst_blk_mem_gen/gnbram.gnativebmg.native_blk_mem_gen/valid.cstr/ramloop[0].ram.r/SAFETY_CKT_GEN.RSTB_SHFT_REG_reg[3]'
INFO: [Synth 8-3886] merging instance 'inst/OB/U0/inst_fifo_gen/gaxis_fifo.gaxisf.axisf/grf.rf/gntv_or_sync_fifo.mem/gbm.gbmg.gbmga.ngecc.bmg/inst_blk_mem_gen/gnbram.gnativebmg.native_blk_mem_gen/valid.cstr/ramloop[0].ram.r/SAFETY_CKT_GEN.RSTA_SHFT_REG_reg[4]' (FD) to 'inst/OB/U0/inst_fifo_gen/gaxis_fifo.gaxisf.axisf/grf.rf/gntv_or_sync_fifo.mem/gbm.gbmg.gbmga.ngecc.bmg/inst_blk_mem_gen/gnbram.gnativebmg.native_blk_mem_gen/valid.cstr/ramloop[0].ram.r/SAFETY_CKT_GEN.RSTB_SHFT_REG_reg[4]'
---------------------------------------------------------------------------------
Finished Cross Boundary and Area Optimization : Time (s): cpu = 00:02:41 ; elapsed = 00:03:05 . Memory (MB): peak = 793.367 ; gain = 542.727
---------------------------------------------------------------------------------

Report RTL Partitions: 
+-+--------------+------------+----------+
| |RTL Partition |Replication |Instances |
+-+--------------+------------+----------+
+-+--------------+------------+----------+
---------------------------------------------------------------------------------
Start Applying XDC Timing Constraints
---------------------------------------------------------------------------------
---------------------------------------------------------------------------------
Finished Applying XDC Timing Constraints : Time (s): cpu = 00:02:54 ; elapsed = 00:03:19 . Memory (MB): peak = 809.020 ; gain = 558.379
---------------------------------------------------------------------------------
---------------------------------------------------------------------------------
Start Timing Optimization
---------------------------------------------------------------------------------
---------------------------------------------------------------------------------
Finished Timing Optimization : Time (s): cpu = 00:03:00 ; elapsed = 00:03:25 . Memory (MB): peak = 888.805 ; gain = 638.164
---------------------------------------------------------------------------------

Report RTL Partitions: 
+-+--------------+------------+----------+
| |RTL Partition |Replication |Instances |
+-+--------------+------------+----------+
+-+--------------+------------+----------+
---------------------------------------------------------------------------------
Start Technology Mapping
---------------------------------------------------------------------------------
INFO: [Synth 8-3886] merging instance 'inst/OB/U0/inst_fifo_gen/gaxis_fifo.gaxisf.axisf/grf.rf/gntv_or_sync_fifo.mem/gbm.gbmg.gbmga.ngecc.bmg/inst_blk_mem_gen/gnbram.gnativebmg.native_blk_mem_gen/valid.cstr/ramloop[0].ram.r/SAFETY_CKT_GEN.POR_A_reg' (FD) to 'inst/OB/U0/inst_fifo_gen/gaxis_fifo.gaxisf.axisf/grf.rf/gntv_or_sync_fifo.mem/gbm.gbmg.gbmga.ngecc.bmg/inst_blk_mem_gen/gnbram.gnativebmg.native_blk_mem_gen/valid.cstr/ramloop[0].ram.r/SAFETY_CKT_GEN.POR_B_reg'
INFO: [Synth 8-3886] merging instance 'inst/OB/U0/inst_fifo_gen/gaxis_fifo.gaxisf.axisf/grf.rf/gntv_or_sync_fifo.mem/gbm.gbmg.gbmga.ngecc.bmg/inst_blk_mem_gen/gnbram.gnativebmg.native_blk_mem_gen/valid.cstr/ramloop[0].ram.r/SAFETY_CKT_GEN.ENA_NO_REG.ENA_dly_reg' (FD) to 'inst/OB/U0/inst_fifo_gen/gaxis_fifo.gaxisf.axisf/grf.rf/gntv_or_sync_fifo.mem/gbm.gbmg.gbmga.ngecc.bmg/inst_blk_mem_gen/gnbram.gnativebmg.native_blk_mem_gen/valid.cstr/ramloop[0].ram.r/SAFETY_CKT_GEN.ENB_NO_REG.ENB_dly_reg'
INFO: [Synth 8-3886] merging instance 'inst/OB/U0/inst_fifo_gen/gaxis_fifo.gaxisf.axisf/grf.rf/gntv_or_sync_fifo.mem/gbm.gbmg.gbmga.ngecc.bmg/inst_blk_mem_gen/gnbram.gnativebmg.native_blk_mem_gen/valid.cstr/ramloop[0].ram.r/SAFETY_CKT_GEN.ENA_NO_REG.ENA_dly_D_reg' (FD) to 'inst/OB/U0/inst_fifo_gen/gaxis_fifo.gaxisf.axisf/grf.rf/gntv_or_sync_fifo.mem/gbm.gbmg.gbmga.ngecc.bmg/inst_blk_mem_gen/gnbram.gnativebmg.native_blk_mem_gen/valid.cstr/ramloop[0].ram.r/SAFETY_CKT_GEN.ENB_NO_REG.ENB_dly_D_reg'
---------------------------------------------------------------------------------
Finished Technology Mapping : Time (s): cpu = 00:03:05 ; elapsed = 00:03:30 . Memory (MB): peak = 916.586 ; gain = 665.945
---------------------------------------------------------------------------------

Report RTL Partitions: 
+-+--------------+------------+----------+
| |RTL Partition |Replication |Instances |
+-+--------------+------------+----------+
+-+--------------+------------+----------+
---------------------------------------------------------------------------------
Start IO Insertion
---------------------------------------------------------------------------------
---------------------------------------------------------------------------------
Start Flattening Before IO Insertion
---------------------------------------------------------------------------------
---------------------------------------------------------------------------------
Finished Flattening Before IO Insertion
---------------------------------------------------------------------------------
---------------------------------------------------------------------------------
Start Final Netlist Cleanup
---------------------------------------------------------------------------------
INFO: [Synth 8-4618] Found max_fanout attribute set to 3 on net \IC/lB2/wrPntr2 [0]. Fanout reduced from 360 to 3 by creating 119 replicas.
INFO: [Synth 8-4618] Found max_fanout attribute set to 3 on net \IC/lB2/wrPntr2 [1]. Fanout reduced from 360 to 3 by creating 119 replicas.
INFO: [Synth 8-4618] Found max_fanout attribute set to 3 on net \IC/lB2/wrPntr2 [2]. Fanout reduced from 360 to 3 by creating 119 replicas.
INFO: [Synth 8-4618] Found max_fanout attribute set to 3 on net \IC/lB2/wrPntr2 [3]. Fanout reduced from 360 to 3 by creating 119 replicas.
INFO: [Synth 8-4618] Found max_fanout attribute set to 3 on net \IC/lB2/wrPntr2 [4]. Fanout reduced from 360 to 3 by creating 119 replicas.
INFO: [Synth 8-4618] Found max_fanout attribute set to 3 on net \IC/lB2/wrPntr2 [5]. Fanout reduced from 360 to 3 by creating 119 replicas.
INFO: [Synth 8-4618] Found max_fanout attribute set to 3 on net \IC/lB2/wrPntr2 [8]. Fanout reduced from 30 to 3 by creating 9 replicas.
INFO: [Synth 8-4618] Found max_fanout attribute set to 3 on net \IC/lB2/wrPntr2 [9]. Fanout reduced from 30 to 3 by creating 9 replicas.
INFO: [Synth 8-4618] Found max_fanout attribute set to 3 on net \IC/lB2/wrPntr2 [6]. Fanout reduced from 30 to 3 by creating 9 replicas.
INFO: [Synth 8-4618] Found max_fanout attribute set to 3 on net \IC/lB2/wrPntr2 [7]. Fanout reduced from 30 to 3 by creating 9 replicas.
INFO: [Synth 8-4618] Found max_fanout attribute set to 3 on net \IC/lB2/wrPntr2 [10]. Fanout reduced from 30 to 3 by creating 9 replicas.
INFO: [Synth 8-4618] Found max_fanout attribute set to 3 on net \IC/lB1/wrPntr2 [0]. Fanout reduced from 360 to 3 by creating 119 replicas.
INFO: [Synth 8-4618] Found max_fanout attribute set to 3 on net \IC/lB1/wrPntr2 [1]. Fanout reduced from 360 to 3 by creating 119 replicas.
INFO: [Synth 8-4618] Found max_fanout attribute set to 3 on net \IC/lB1/wrPntr2 [2]. Fanout reduced from 360 to 3 by creating 119 replicas.
INFO: [Synth 8-4618] Found max_fanout attribute set to 3 on net \IC/lB1/wrPntr2 [3]. Fanout reduced from 360 to 3 by creating 119 replicas.
INFO: [Synth 8-4618] Found max_fanout attribute set to 3 on net \IC/lB1/wrPntr2 [4]. Fanout reduced from 360 to 3 by creating 119 replicas.
INFO: [Synth 8-4618] Found max_fanout attribute set to 3 on net \IC/lB1/wrPntr2 [5]. Fanout reduced from 360 to 3 by creating 119 replicas.
INFO: [Synth 8-4618] Found max_fanout attribute set to 3 on net \IC/lB1/wrPntr2 [8]. Fanout reduced from 30 to 3 by creating 9 replicas.
INFO: [Synth 8-4618] Found max_fanout attribute set to 3 on net \IC/lB1/wrPntr2 [9]. Fanout reduced from 30 to 3 by creating 9 replicas.
INFO: [Synth 8-4618] Found max_fanout attribute set to 3 on net \IC/lB1/wrPntr2 [6]. Fanout reduced from 30 to 3 by creating 9 replicas.
INFO: [Synth 8-4618] Found max_fanout attribute set to 3 on net \IC/lB1/wrPntr2 [7]. Fanout reduced from 30 to 3 by creating 9 replicas.
INFO: [Synth 8-4618] Found max_fanout attribute set to 3 on net \IC/lB1/wrPntr2 [10]. Fanout reduced from 30 to 3 by creating 9 replicas.
INFO: [Synth 8-4618] Found max_fanout attribute set to 3 on net \IC/lB0/wrPntr2 [0]. Fanout reduced from 360 to 3 by creating 119 replicas.
INFO: [Synth 8-4618] Found max_fanout attribute set to 3 on net \IC/lB0/wrPntr2 [1]. Fanout reduced from 360 to 3 by creating 119 replicas.
INFO: [Synth 8-4618] Found max_fanout attribute set to 3 on net \IC/lB0/wrPntr2 [2]. Fanout reduced from 360 to 3 by creating 119 replicas.
INFO: [Synth 8-4618] Found max_fanout attribute set to 3 on net \IC/lB0/wrPntr2 [3]. Fanout reduced from 360 to 3 by creating 119 replicas.
INFO: [Synth 8-4618] Found max_fanout attribute set to 3 on net \IC/lB0/wrPntr2 [4]. Fanout reduced from 360 to 3 by creating 119 replicas.
INFO: [Synth 8-4618] Found max_fanout attribute set to 3 on net \IC/lB0/wrPntr2 [5]. Fanout reduced from 360 to 3 by creating 119 replicas.
INFO: [Synth 8-4618] Found max_fanout attribute set to 3 on net \IC/lB0/wrPntr2 [8]. Fanout reduced from 30 to 3 by creating 9 replicas.
INFO: [Synth 8-4618] Found max_fanout attribute set to 3 on net \IC/lB0/wrPntr2 [9]. Fanout reduced from 30 to 3 by creating 9 replicas.
INFO: [Synth 8-4618] Found max_fanout attribute set to 3 on net \IC/lB0/wrPntr2 [6]. Fanout reduced from 30 to 3 by creating 9 replicas.
INFO: [Synth 8-4618] Found max_fanout attribute set to 3 on net \IC/lB0/wrPntr2 [7]. Fanout reduced from 30 to 3 by creating 9 replicas.
INFO: [Synth 8-4618] Found max_fanout attribute set to 3 on net \IC/lB0/wrPntr2 [10]. Fanout reduced from 30 to 3 by creating 9 replicas.
INFO: [Synth 8-4618] Found max_fanout attribute set to 3 on net \IC/lB3/wrPntr2 [0]. Fanout reduced from 360 to 3 by creating 119 replicas.
INFO: [Synth 8-4618] Found max_fanout attribute set to 3 on net \IC/lB3/wrPntr2 [1]. Fanout reduced from 360 to 3 by creating 119 replicas.
INFO: [Synth 8-4618] Found max_fanout attribute set to 3 on net \IC/lB3/wrPntr2 [2]. Fanout reduced from 360 to 3 by creating 119 replicas.
INFO: [Synth 8-4618] Found max_fanout attribute set to 3 on net \IC/lB3/wrPntr2 [3]. Fanout reduced from 360 to 3 by creating 119 replicas.
INFO: [Synth 8-4618] Found max_fanout attribute set to 3 on net \IC/lB3/wrPntr2 [4]. Fanout reduced from 360 to 3 by creating 119 replicas.
INFO: [Synth 8-4618] Found max_fanout attribute set to 3 on net \IC/lB3/wrPntr2 [5]. Fanout reduced from 360 to 3 by creating 119 replicas.
INFO: [Synth 8-4618] Found max_fanout attribute set to 3 on net \IC/lB3/wrPntr2 [8]. Fanout reduced from 30 to 3 by creating 9 replicas.
INFO: [Synth 8-4618] Found max_fanout attribute set to 3 on net \IC/lB3/wrPntr2 [9]. Fanout reduced from 30 to 3 by creating 9 replicas.
INFO: [Synth 8-4618] Found max_fanout attribute set to 3 on net \IC/lB3/wrPntr2 [6]. Fanout reduced from 30 to 3 by creating 9 replicas.
INFO: [Synth 8-4618] Found max_fanout attribute set to 3 on net \IC/lB3/wrPntr2 [7]. Fanout reduced from 30 to 3 by creating 9 replicas.
INFO: [Synth 8-4618] Found max_fanout attribute set to 3 on net \IC/lB3/wrPntr2 [10]. Fanout reduced from 30 to 3 by creating 9 replicas.
INFO: [Synth 8-4618] Found max_fanout attribute set to 3 on net \IC/lB3/wrPntr [6]. Fanout reduced from 6 to 3 by creating 1 replicas.
INFO: [Synth 8-4618] Found max_fanout attribute set to 3 on net \IC/lB3/wrPntr [3]. Fanout reduced from 4 to 2 by creating 1 replicas.
INFO: [Synth 8-4618] Found max_fanout attribute set to 3 on net \IC/lB3/wrPntr [0]. Fanout reduced from 7 to 3 by creating 2 replicas.
INFO: [Synth 8-4618] Found max_fanout attribute set to 3 on net \IC/lB3/wrPntr [1]. Fanout reduced from 6 to 3 by creating 1 replicas.
INFO: [Synth 8-4618] Found max_fanout attribute set to 3 on net \IC/lB3/wrPntr [2]. Fanout reduced from 5 to 3 by creating 1 replicas.
INFO: [Synth 8-4618] Found max_fanout attribute set to 3 on net \IC/lB3/wrPntr [7]. Fanout reduced from 5 to 3 by creating 1 replicas.
INFO: [Synth 8-4618] Found max_fanout attribute set to 3 on net \IC/lB3/wrPntr [8]. Fanout reduced from 4 to 2 by creating 1 replicas.
INFO: [Synth 8-4618] Found max_fanout attribute set to 3 on net \IC/lB2/wrPntr [6]. Fanout reduced from 6 to 3 by creating 1 replicas.
INFO: [Synth 8-4618] Found max_fanout attribute set to 3 on net \IC/lB2/wrPntr [3]. Fanout reduced from 4 to 2 by creating 1 replicas.
INFO: [Synth 8-4618] Found max_fanout attribute set to 3 on net \IC/lB2/wrPntr [1]. Fanout reduced from 6 to 3 by creating 1 replicas.
INFO: [Synth 8-4618] Found max_fanout attribute set to 3 on net \IC/lB2/wrPntr [0]. Fanout reduced from 7 to 3 by creating 2 replicas.
INFO: [Synth 8-4618] Found max_fanout attribute set to 3 on net \IC/lB2/wrPntr [2]. Fanout reduced from 5 to 3 by creating 1 replicas.
INFO: [Synth 8-4618] Found max_fanout attribute set to 3 on net \IC/lB2/wrPntr [7]. Fanout reduced from 5 to 3 by creating 1 replicas.
INFO: [Synth 8-4618] Found max_fanout attribute set to 3 on net \IC/lB2/wrPntr [8]. Fanout reduced from 4 to 2 by creating 1 replicas.
INFO: [Synth 8-4618] Found max_fanout attribute set to 3 on net \IC/lB1/wrPntr [6]. Fanout reduced from 6 to 3 by creating 1 replicas.
INFO: [Synth 8-4618] Found max_fanout attribute set to 3 on net \IC/lB1/wrPntr [3]. Fanout reduced from 4 to 2 by creating 1 replicas.
INFO: [Synth 8-4618] Found max_fanout attribute set to 3 on net \IC/lB1/wrPntr [1]. Fanout reduced from 6 to 3 by creating 1 replicas.
INFO: [Synth 8-4618] Found max_fanout attribute set to 3 on net \IC/lB1/wrPntr [0]. Fanout reduced from 7 to 3 by creating 2 replicas.
INFO: [Synth 8-4618] Found max_fanout attribute set to 3 on net \IC/lB1/wrPntr [2]. Fanout reduced from 5 to 3 by creating 1 replicas.
INFO: [Synth 8-4618] Found max_fanout attribute set to 3 on net \IC/lB1/wrPntr [7]. Fanout reduced from 5 to 3 by creating 1 replicas.
INFO: [Synth 8-4618] Found max_fanout attribute set to 3 on net \IC/lB1/wrPntr [8]. Fanout reduced from 4 to 2 by creating 1 replicas.
INFO: [Synth 8-4618] Found max_fanout attribute set to 3 on net \IC/lB0/wrPntr [6]. Fanout reduced from 6 to 3 by creating 1 replicas.
INFO: [Synth 8-4618] Found max_fanout attribute set to 3 on net \IC/lB0/wrPntr [3]. Fanout reduced from 4 to 2 by creating 1 replicas.
INFO: [Synth 8-4618] Found max_fanout attribute set to 3 on net \IC/lB0/wrPntr [1]. Fanout reduced from 6 to 3 by creating 1 replicas.
INFO: [Synth 8-4618] Found max_fanout attribute set to 3 on net \IC/lB0/wrPntr [0]. Fanout reduced from 7 to 3 by creating 2 replicas.
INFO: [Synth 8-4618] Found max_fanout attribute set to 3 on net \IC/lB0/wrPntr [2]. Fanout reduced from 5 to 3 by creating 1 replicas.
INFO: [Synth 8-4618] Found max_fanout attribute set to 3 on net \IC/lB0/wrPntr [7]. Fanout reduced from 5 to 3 by creating 1 replicas.
INFO: [Synth 8-4618] Found max_fanout attribute set to 3 on net \IC/lB0/wrPntr [8]. Fanout reduced from 4 to 2 by creating 1 replicas.
INFO: [Synth 8-4618] Found max_fanout attribute set to 3 on net \IC/lB0/rdPntr [9]. Fanout reduced from 11 to 3 by creating 3 replicas.
INFO: [Synth 8-4618] Found max_fanout attribute set to 3 on net \IC/lB0/rdPntr [10]. Fanout reduced from 10 to 3 by creating 3 replicas.
INFO: [Synth 8-4618] Found max_fanout attribute set to 3 on net \IC/lB0/rdPntr [8]. Fanout reduced from 36 to 3 by creating 11 replicas.
INFO: [Synth 8-4618] Found max_fanout attribute set to 3 on net \IC/lB0/rdPntr [7]. Fanout reduced from 69 to 3 by creating 22 replicas.
INFO: [Synth 8-4618] Found max_fanout attribute set to 3 on net \IC/lB0/rdPntr [6]. Fanout reduced from 70 to 3 by creating 23 replicas.
INFO: [Synth 8-4618] Found max_fanout attribute set to 3 on net \IC/lB0/rdPntr [5]. Fanout reduced from 242 to 3 by creating 80 replicas.
INFO: [Synth 8-4618] Found max_fanout attribute set to 3 on net \IC/lB0/rdPntr [4]. Fanout reduced from 243 to 3 by creating 80 replicas.
INFO: [Synth 8-4618] Found max_fanout attribute set to 3 on net \IC/lB0/rdPntr [3]. Fanout reduced from 244 to 3 by creating 81 replicas.
INFO: [Synth 8-4618] Found max_fanout attribute set to 3 on net \IC/lB0/rdPntr [2]. Fanout reduced from 245 to 3 by creating 81 replicas.
INFO: [Synth 8-4618] Found max_fanout attribute set to 3 on net \IC/lB0/rdPntr [1]. Fanout reduced from 246 to 3 by creating 81 replicas.
INFO: [Synth 8-4618] Found max_fanout attribute set to 3 on net \IC/lB0/rdPntr [0]. Fanout reduced from 247 to 3 by creating 82 replicas.
INFO: [Synth 8-4618] Found max_fanout attribute set to 3 on net \IC/lB2/rdPntr [9]. Fanout reduced from 11 to 3 by creating 3 replicas.
INFO: [Synth 8-4618] Found max_fanout attribute set to 3 on net \IC/lB2/rdPntr [10]. Fanout reduced from 10 to 3 by creating 3 replicas.
INFO: [Synth 8-4618] Found max_fanout attribute set to 3 on net \IC/lB2/rdPntr [8]. Fanout reduced from 36 to 3 by creating 11 replicas.
INFO: [Synth 8-4618] Found max_fanout attribute set to 3 on net \IC/lB2/rdPntr [7]. Fanout reduced from 69 to 3 by creating 22 replicas.
INFO: [Synth 8-4618] Found max_fanout attribute set to 3 on net \IC/lB2/rdPntr [6]. Fanout reduced from 70 to 3 by creating 23 replicas.
INFO: [Synth 8-4618] Found max_fanout attribute set to 3 on net \IC/lB2/rdPntr [5]. Fanout reduced from 242 to 3 by creating 80 replicas.
INFO: [Synth 8-4618] Found max_fanout attribute set to 3 on net \IC/lB2/rdPntr [4]. Fanout reduced from 243 to 3 by creating 80 replicas.
INFO: [Synth 8-4618] Found max_fanout attribute set to 3 on net \IC/lB2/rdPntr [3]. Fanout reduced from 244 to 3 by creating 81 replicas.
INFO: [Synth 8-4618] Found max_fanout attribute set to 3 on net \IC/lB2/rdPntr [2]. Fanout reduced from 245 to 3 by creating 81 replicas.
INFO: [Synth 8-4618] Found max_fanout attribute set to 3 on net \IC/lB2/rdPntr [1]. Fanout reduced from 246 to 3 by creating 81 replicas.
INFO: [Synth 8-4618] Found max_fanout attribute set to 3 on net \IC/lB2/rdPntr [0]. Fanout reduced from 247 to 3 by creating 82 replicas.
INFO: [Synth 8-4618] Found max_fanout attribute set to 3 on net \IC/lB3/rdPntr [9]. Fanout reduced from 11 to 3 by creating 3 replicas.
INFO: [Synth 8-4618] Found max_fanout attribute set to 3 on net \IC/lB3/rdPntr [10]. Fanout reduced from 10 to 3 by creating 3 replicas.
INFO: [Synth 8-4618] Found max_fanout attribute set to 3 on net \IC/lB3/rdPntr [8]. Fanout reduced from 36 to 3 by creating 11 replicas.
INFO: [Synth 8-4618] Found max_fanout attribute set to 3 on net \IC/lB3/rdPntr [7]. Fanout reduced from 69 to 3 by creating 22 replicas.
INFO: [Synth 8-4618] Found max_fanout attribute set to 3 on net \IC/lB3/rdPntr [6]. Fanout reduced from 70 to 3 by creating 23 replicas.
INFO: [Synth 8-4618] Found max_fanout attribute set to 3 on net \IC/lB3/rdPntr [5]. Fanout reduced from 242 to 3 by creating 80 replicas.
INFO: [Common 17-14] Message 'Synth 8-4618' appears 100 times and further instances of the messages will be disabled. Use the Tcl command set_msg_config to change the current settings.
---------------------------------------------------------------------------------
Finished Final Netlist Cleanup
---------------------------------------------------------------------------------
---------------------------------------------------------------------------------
Finished IO Insertion : Time (s): cpu = 00:03:09 ; elapsed = 00:03:36 . Memory (MB): peak = 916.586 ; gain = 665.945
---------------------------------------------------------------------------------

Report Check Netlist: 
+------+------------------+-------+---------+-------+------------------+
|      |Item              |Errors |Warnings |Status |Description       |
+------+------------------+-------+---------+-------+------------------+
|1     |multi_driven_nets |      0|        0|Passed |Multi driven nets |
+------+------------------+-------+---------+-------+------------------+
---------------------------------------------------------------------------------
Start Renaming Generated Instances
---------------------------------------------------------------------------------
---------------------------------------------------------------------------------
Finished Renaming Generated Instances : Time (s): cpu = 00:03:10 ; elapsed = 00:03:36 . Memory (MB): peak = 916.586 ; gain = 665.945
---------------------------------------------------------------------------------

Report RTL Partitions: 
+-+--------------+------------+----------+
| |RTL Partition |Replication |Instances |
+-+--------------+------------+----------+
+-+--------------+------------+----------+
---------------------------------------------------------------------------------
Start Rebuilding User Hierarchy
---------------------------------------------------------------------------------
---------------------------------------------------------------------------------
Finished Rebuilding User Hierarchy : Time (s): cpu = 00:03:12 ; elapsed = 00:03:38 . Memory (MB): peak = 916.586 ; gain = 665.945
---------------------------------------------------------------------------------
---------------------------------------------------------------------------------
Start Renaming Generated Ports
---------------------------------------------------------------------------------
---------------------------------------------------------------------------------
Finished Renaming Generated Ports : Time (s): cpu = 00:03:12 ; elapsed = 00:03:38 . Memory (MB): peak = 916.586 ; gain = 665.945
---------------------------------------------------------------------------------
---------------------------------------------------------------------------------
Start Handling Custom Attributes
---------------------------------------------------------------------------------
---------------------------------------------------------------------------------
Finished Handling Custom Attributes : Time (s): cpu = 00:03:12 ; elapsed = 00:03:38 . Memory (MB): peak = 916.586 ; gain = 665.945
---------------------------------------------------------------------------------
---------------------------------------------------------------------------------
Start Renaming Generated Nets
---------------------------------------------------------------------------------
---------------------------------------------------------------------------------
Finished Renaming Generated Nets : Time (s): cpu = 00:03:12 ; elapsed = 00:03:38 . Memory (MB): peak = 916.586 ; gain = 665.945
---------------------------------------------------------------------------------
---------------------------------------------------------------------------------
Start Writing Synthesis Report
---------------------------------------------------------------------------------

Report BlackBoxes: 
+-+--------------+----------+
| |BlackBox name |Instances |
+-+--------------+----------+
+-+--------------+----------+

Report Cell Usage: 
+------+---------+------+
|      |Cell     |Count |
+------+---------+------+
|1     |CARRY4   |    40|
|2     |LUT1     |   172|
|3     |LUT2     |   145|
|4     |LUT3     |   660|
|5     |LUT4     |   525|
|6     |LUT5     |   180|
|7     |LUT6     |  1074|
|8     |MUXCY    |   153|
|9     |MUXF7    |   212|
|10    |MUXF8    |    48|
|11    |RAM64M   |   720|
|12    |RAM64X1D |   720|
|13    |RAMB18E1 |     1|
|14    |SRL16E   |    19|
|15    |XORCY    |   153|
|16    |FDRE     |  7255|
|17    |FDSE     |    93|
+------+---------+------+
---------------------------------------------------------------------------------
Finished Writing Synthesis Report : Time (s): cpu = 00:03:12 ; elapsed = 00:03:38 . Memory (MB): peak = 916.586 ; gain = 665.945
---------------------------------------------------------------------------------
Synthesis finished with 0 errors, 0 critical warnings and 491 warnings.
Synthesis Optimization Runtime : Time (s): cpu = 00:00:55 ; elapsed = 00:03:23 . Memory (MB): peak = 916.586 ; gain = 563.078
Synthesis Optimization Complete : Time (s): cpu = 00:03:12 ; elapsed = 00:03:39 . Memory (MB): peak = 916.586 ; gain = 665.945
INFO: [Project 1-571] Translating synthesized netlist
WARNING: [Synth 37-28] Duplicate attribute 'max_fanout' found for instance 'rdPntr_reg[10]' of module 'FDRE'.
Resolution: Check your design sources near the definition of the module or any related 'include files, looking for duplicate definitions with different values.
WARNING: [Synth 37-28] Duplicate attribute 'max_fanout' found for instance 'rdPntr_reg[9]' of module 'FDRE'.
Resolution: Check your design sources near the definition of the module or any related 'include files, looking for duplicate definitions with different values.
WARNING: [Synth 37-28] Duplicate attribute 'max_fanout' found for instance 'rdPntr_reg[8]' of module 'FDRE'.
Resolution: Check your design sources near the definition of the module or any related 'include files, looking for duplicate definitions with different values.
WARNING: [Synth 37-28] Duplicate attribute 'max_fanout' found for instance 'rdPntr_reg[7]' of module 'FDRE'.
Resolution: Check your design sources near the definition of the module or any related 'include files, looking for duplicate definitions with different values.
WARNING: [Synth 37-28] Duplicate attribute 'max_fanout' found for instance 'rdPntr_reg[6]' of module 'FDRE'.
Resolution: Check your design sources near the definition of the module or any related 'include files, looking for duplicate definitions with different values.
WARNING: [Synth 37-28] Duplicate attribute 'max_fanout' found for instance 'rdPntr_reg[5]' of module 'FDRE'.
Resolution: Check your design sources near the definition of the module or any related 'include files, looking for duplicate definitions with different values.
WARNING: [Synth 37-28] Duplicate attribute 'max_fanout' found for instance 'rdPntr_reg[4]' of module 'FDRE'.
Resolution: Check your design sources near the definition of the module or any related 'include files, looking for duplicate definitions with different values.
WARNING: [Synth 37-28] Duplicate attribute 'max_fanout' found for instance 'rdPntr_reg[3]' of module 'FDRE'.
Resolution: Check your design sources near the definition of the module or any related 'include files, looking for duplicate definitions with different values.
WARNING: [Synth 37-28] Duplicate attribute 'max_fanout' found for instance 'rdPntr_reg[2]' of module 'FDRE'.
Resolution: Check your design sources near the definition of the module or any related 'include files, looking for duplicate definitions with different values.
WARNING: [Synth 37-28] Duplicate attribute 'max_fanout' found for instance 'rdPntr_reg[1]' of module 'FDRE'.
Resolution: Check your design sources near the definition of the module or any related 'include files, looking for duplicate definitions with different values.
WARNING: [Synth 37-28] Duplicate attribute 'max_fanout' found for instance 'rdPntr_reg[0]' of module 'FDRE'.
Resolution: Check your design sources near the definition of the module or any related 'include files, looking for duplicate definitions with different values.
WARNING: [Synth 37-28] Duplicate attribute 'max_fanout' found for instance 'rdPntr_reg[9]_rep' of module 'FDRE'.
Resolution: Check your design sources near the definition of the module or any related 'include files, looking for duplicate definitions with different values.
WARNING: [Synth 37-28] Duplicate attribute 'max_fanout' found for instance 'rdPntr_reg[9]_rep__0' of module 'FDRE'.
Resolution: Check your design sources near the definition of the module or any related 'include files, looking for duplicate definitions with different values.
WARNING: [Synth 37-28] Duplicate attribute 'max_fanout' found for instance 'rdPntr_reg[9]_rep__1' of module 'FDRE'.
Resolution: Check your design sources near the definition of the module or any related 'include files, looking for duplicate definitions with different values.
WARNING: [Synth 37-28] Duplicate attribute 'max_fanout' found for instance 'rdPntr_reg[10]_rep' of module 'FDRE'.
Resolution: Check your design sources near the definition of the module or any related 'include files, looking for duplicate definitions with different values.
WARNING: [Synth 37-28] Duplicate attribute 'max_fanout' found for instance 'rdPntr_reg[10]_rep__0' of module 'FDRE'.
Resolution: Check your design sources near the definition of the module or any related 'include files, looking for duplicate definitions with different values.
WARNING: [Synth 37-28] Duplicate attribute 'max_fanout' found for instance 'rdPntr_reg[10]_rep__1' of module 'FDRE'.
Resolution: Check your design sources near the definition of the module or any related 'include files, looking for duplicate definitions with different values.
WARNING: [Synth 37-28] Duplicate attribute 'max_fanout' found for instance 'rdPntr_reg[8]_rep' of module 'FDRE'.
Resolution: Check your design sources near the definition of the module or any related 'include files, looking for duplicate definitions with different values.
WARNING: [Synth 37-28] Duplicate attribute 'max_fanout' found for instance 'rdPntr_reg[8]_rep__0' of module 'FDRE'.
Resolution: Check your design sources near the definition of the module or any related 'include files, looking for duplicate definitions with different values.
WARNING: [Synth 37-28] Duplicate attribute 'max_fanout' found for instance 'rdPntr_reg[8]_rep__1' of module 'FDRE'.
Resolution: Check your design sources near the definition of the module or any related 'include files, looking for duplicate definitions with different values.
WARNING: [Synth 37-28] Duplicate attribute 'max_fanout' found for instance 'rdPntr_reg[8]_rep__2' of module 'FDRE'.
Resolution: Check your design sources near the definition of the module or any related 'include files, looking for duplicate definitions with different values.
WARNING: [Synth 37-28] Duplicate attribute 'max_fanout' found for instance 'rdPntr_reg[8]_rep__3' of module 'FDRE'.
Resolution: Check your design sources near the definition of the module or any related 'include files, looking for duplicate definitions with different values.
WARNING: [Synth 37-28] Duplicate attribute 'max_fanout' found for instance 'rdPntr_reg[8]_rep__4' of module 'FDRE'.
Resolution: Check your design sources near the definition of the module or any related 'include files, looking for duplicate definitions with different values.
WARNING: [Synth 37-28] Duplicate attribute 'max_fanout' found for instance 'rdPntr_reg[8]_rep__5' of module 'FDRE'.
Resolution: Check your design sources near the definition of the module or any related 'include files, looking for duplicate definitions with different values.
WARNING: [Synth 37-28] Duplicate attribute 'max_fanout' found for instance 'rdPntr_reg[8]_rep__6' of module 'FDRE'.
Resolution: Check your design sources near the definition of the module or any related 'include files, looking for duplicate definitions with different values.
WARNING: [Synth 37-28] Duplicate attribute 'max_fanout' found for instance 'rdPntr_reg[8]_rep__7' of module 'FDRE'.
Resolution: Check your design sources near the definition of the module or any related 'include files, looking for duplicate definitions with different values.
WARNING: [Synth 37-28] Duplicate attribute 'max_fanout' found for instance 'rdPntr_reg[8]_rep__8' of module 'FDRE'.
Resolution: Check your design sources near the definition of the module or any related 'include files, looking for duplicate definitions with different values.
WARNING: [Synth 37-28] Duplicate attribute 'max_fanout' found for instance 'rdPntr_reg[8]_rep__9' of module 'FDRE'.
Resolution: Check your design sources near the definition of the module or any related 'include files, looking for duplicate definitions with different values.
WARNING: [Synth 37-28] Duplicate attribute 'max_fanout' found for instance 'rdPntr_reg[7]_rep' of module 'FDRE'.
Resolution: Check your design sources near the definition of the module or any related 'include files, looking for duplicate definitions with different values.
WARNING: [Synth 37-28] Duplicate attribute 'max_fanout' found for instance 'rdPntr_reg[7]_rep__0' of module 'FDRE'.
Resolution: Check your design sources near the definition of the module or any related 'include files, looking for duplicate definitions with different values.
WARNING: [Synth 37-28] Duplicate attribute 'max_fanout' found for instance 'rdPntr_reg[7]_rep__1' of module 'FDRE'.
Resolution: Check your design sources near the definition of the module or any related 'include files, looking for duplicate definitions with different values.
WARNING: [Synth 37-28] Duplicate attribute 'max_fanout' found for instance 'rdPntr_reg[7]_rep__2' of module 'FDRE'.
Resolution: Check your design sources near the definition of the module or any related 'include files, looking for duplicate definitions with different values.
WARNING: [Synth 37-28] Duplicate attribute 'max_fanout' found for instance 'rdPntr_reg[7]_rep__3' of module 'FDRE'.
Resolution: Check your design sources near the definition of the module or any related 'include files, looking for duplicate definitions with different values.
WARNING: [Synth 37-28] Duplicate attribute 'max_fanout' found for instance 'rdPntr_reg[7]_rep__4' of module 'FDRE'.
Resolution: Check your design sources near the definition of the module or any related 'include files, looking for duplicate definitions with different values.
WARNING: [Synth 37-28] Duplicate attribute 'max_fanout' found for instance 'rdPntr_reg[7]_rep__5' of module 'FDRE'.
Resolution: Check your design sources near the definition of the module or any related 'include files, looking for duplicate definitions with different values.
WARNING: [Synth 37-28] Duplicate attribute 'max_fanout' found for instance 'rdPntr_reg[7]_rep__6' of module 'FDRE'.
Resolution: Check your design sources near the definition of the module or any related 'include files, looking for duplicate definitions with different values.
WARNING: [Synth 37-28] Duplicate attribute 'max_fanout' found for instance 'rdPntr_reg[7]_rep__7' of module 'FDRE'.
Resolution: Check your design sources near the definition of the module or any related 'include files, looking for duplicate definitions with different values.
WARNING: [Synth 37-28] Duplicate attribute 'max_fanout' found for instance 'rdPntr_reg[7]_rep__8' of module 'FDRE'.
Resolution: Check your design sources near the definition of the module or any related 'include files, looking for duplicate definitions with different values.
WARNING: [Synth 37-28] Duplicate attribute 'max_fanout' found for instance 'rdPntr_reg[7]_rep__9' of module 'FDRE'.
Resolution: Check your design sources near the definition of the module or any related 'include files, looking for duplicate definitions with different values.
WARNING: [Synth 37-28] Duplicate attribute 'max_fanout' found for instance 'rdPntr_reg[7]_rep__10' of module 'FDRE'.
Resolution: Check your design sources near the definition of the module or any related 'include files, looking for duplicate definitions with different values.
WARNING: [Synth 37-28] Duplicate attribute 'max_fanout' found for instance 'rdPntr_reg[7]_rep__11' of module 'FDRE'.
Resolution: Check your design sources near the definition of the module or any related 'include files, looking for duplicate definitions with different values.
WARNING: [Synth 37-28] Duplicate attribute 'max_fanout' found for instance 'rdPntr_reg[7]_rep__12' of module 'FDRE'.
Resolution: Check your design sources near the definition of the module or any related 'include files, looking for duplicate definitions with different values.
WARNING: [Synth 37-28] Duplicate attribute 'max_fanout' found for instance 'rdPntr_reg[7]_rep__13' of module 'FDRE'.
Resolution: Check your design sources near the definition of the module or any related 'include files, looking for duplicate definitions with different values.
WARNING: [Synth 37-28] Duplicate attribute 'max_fanout' found for instance 'rdPntr_reg[7]_rep__14' of module 'FDRE'.
Resolution: Check your design sources near the definition of the module or any related 'include files, looking for duplicate definitions with different values.
WARNING: [Synth 37-28] Duplicate attribute 'max_fanout' found for instance 'rdPntr_reg[7]_rep__15' of module 'FDRE'.
Resolution: Check your design sources near the definition of the module or any related 'include files, looking for duplicate definitions with different values.
WARNING: [Synth 37-28] Duplicate attribute 'max_fanout' found for instance 'rdPntr_reg[7]_rep__16' of module 'FDRE'.
Resolution: Check your design sources near the definition of the module or any related 'include files, looking for duplicate definitions with different values.
WARNING: [Synth 37-28] Duplicate attribute 'max_fanout' found for instance 'rdPntr_reg[7]_rep__17' of module 'FDRE'.
Resolution: Check your design sources near the definition of the module or any related 'include files, looking for duplicate definitions with different values.
WARNING: [Synth 37-28] Duplicate attribute 'max_fanout' found for instance 'rdPntr_reg[7]_rep__18' of module 'FDRE'.
Resolution: Check your design sources near the definition of the module or any related 'include files, looking for duplicate definitions with different values.
WARNING: [Synth 37-28] Duplicate attribute 'max_fanout' found for instance 'rdPntr_reg[7]_rep__19' of module 'FDRE'.
Resolution: Check your design sources near the definition of the module or any related 'include files, looking for duplicate definitions with different values.
WARNING: [Synth 37-28] Duplicate attribute 'max_fanout' found for instance 'rdPntr_reg[7]_rep__20' of module 'FDRE'.
Resolution: Check your design sources near the definition of the module or any related 'include files, looking for duplicate definitions with different values.
WARNING: [Synth 37-28] Duplicate attribute 'max_fanout' found for instance 'rdPntr_reg[6]_rep' of module 'FDRE'.
Resolution: Check your design sources near the definition of the module or any related 'include files, looking for duplicate definitions with different values.
WARNING: [Synth 37-28] Duplicate attribute 'max_fanout' found for instance 'rdPntr_reg[6]_rep__0' of module 'FDRE'.
Resolution: Check your design sources near the definition of the module or any related 'include files, looking for duplicate definitions with different values.
WARNING: [Synth 37-28] Duplicate attribute 'max_fanout' found for instance 'rdPntr_reg[6]_rep__1' of module 'FDRE'.
Resolution: Check your design sources near the definition of the module or any related 'include files, looking for duplicate definitions with different values.
WARNING: [Synth 37-28] Duplicate attribute 'max_fanout' found for instance 'rdPntr_reg[6]_rep__2' of module 'FDRE'.
Resolution: Check your design sources near the definition of the module or any related 'include files, looking for duplicate definitions with different values.
WARNING: [Synth 37-28] Duplicate attribute 'max_fanout' found for instance 'rdPntr_reg[6]_rep__3' of module 'FDRE'.
Resolution: Check your design sources near the definition of the module or any related 'include files, looking for duplicate definitions with different values.
WARNING: [Synth 37-28] Duplicate attribute 'max_fanout' found for instance 'rdPntr_reg[6]_rep__4' of module 'FDRE'.
Resolution: Check your design sources near the definition of the module or any related 'include files, looking for duplicate definitions with different values.
WARNING: [Synth 37-28] Duplicate attribute 'max_fanout' found for instance 'rdPntr_reg[6]_rep__5' of module 'FDRE'.
Resolution: Check your design sources near the definition of the module or any related 'include files, looking for duplicate definitions with different values.
WARNING: [Synth 37-28] Duplicate attribute 'max_fanout' found for instance 'rdPntr_reg[6]_rep__6' of module 'FDRE'.
Resolution: Check your design sources near the definition of the module or any related 'include files, looking for duplicate definitions with different values.
WARNING: [Synth 37-28] Duplicate attribute 'max_fanout' found for instance 'rdPntr_reg[6]_rep__7' of module 'FDRE'.
Resolution: Check your design sources near the definition of the module or any related 'include files, looking for duplicate definitions with different values.
WARNING: [Synth 37-28] Duplicate attribute 'max_fanout' found for instance 'rdPntr_reg[6]_rep__8' of module 'FDRE'.
Resolution: Check your design sources near the definition of the module or any related 'include files, looking for duplicate definitions with different values.
WARNING: [Synth 37-28] Duplicate attribute 'max_fanout' found for instance 'rdPntr_reg[6]_rep__9' of module 'FDRE'.
Resolution: Check your design sources near the definition of the module or any related 'include files, looking for duplicate definitions with different values.
WARNING: [Synth 37-28] Duplicate attribute 'max_fanout' found for instance 'rdPntr_reg[6]_rep__10' of module 'FDRE'.
Resolution: Check your design sources near the definition of the module or any related 'include files, looking for duplicate definitions with different values.
WARNING: [Synth 37-28] Duplicate attribute 'max_fanout' found for instance 'rdPntr_reg[6]_rep__11' of module 'FDRE'.
Resolution: Check your design sources near the definition of the module or any related 'include files, looking for duplicate definitions with different values.
WARNING: [Synth 37-28] Duplicate attribute 'max_fanout' found for instance 'rdPntr_reg[6]_rep__12' of module 'FDRE'.
Resolution: Check your design sources near the definition of the module or any related 'include files, looking for duplicate definitions with different values.
WARNING: [Synth 37-28] Duplicate attribute 'max_fanout' found for instance 'rdPntr_reg[6]_rep__13' of module 'FDRE'.
Resolution: Check your design sources near the definition of the module or any related 'include files, looking for duplicate definitions with different values.
WARNING: [Synth 37-28] Duplicate attribute 'max_fanout' found for instance 'rdPntr_reg[6]_rep__14' of module 'FDRE'.
Resolution: Check your design sources near the definition of the module or any related 'include files, looking for duplicate definitions with different values.
WARNING: [Synth 37-28] Duplicate attribute 'max_fanout' found for instance 'rdPntr_reg[6]_rep__15' of module 'FDRE'.
Resolution: Check your design sources near the definition of the module or any related 'include files, looking for duplicate definitions with different values.
WARNING: [Synth 37-28] Duplicate attribute 'max_fanout' found for instance 'rdPntr_reg[6]_rep__16' of module 'FDRE'.
Resolution: Check your design sources near the definition of the module or any related 'include files, looking for duplicate definitions with different values.
WARNING: [Synth 37-28] Duplicate attribute 'max_fanout' found for instance 'rdPntr_reg[6]_rep__17' of module 'FDRE'.
Resolution: Check your design sources near the definition of the module or any related 'include files, looking for duplicate definitions with different values.
WARNING: [Synth 37-28] Duplicate attribute 'max_fanout' found for instance 'rdPntr_reg[6]_rep__18' of module 'FDRE'.
Resolution: Check your design sources near the definition of the module or any related 'include files, looking for duplicate definitions with different values.
WARNING: [Synth 37-28] Duplicate attribute 'max_fanout' found for instance 'rdPntr_reg[6]_rep__19' of module 'FDRE'.
Resolution: Check your design sources near the definition of the module or any related 'include files, looking for duplicate definitions with different values.
WARNING: [Synth 37-28] Duplicate attribute 'max_fanout' found for instance 'rdPntr_reg[6]_rep__20' of module 'FDRE'.
Resolution: Check your design sources near the definition of the module or any related 'include files, looking for duplicate definitions with different values.
WARNING: [Synth 37-28] Duplicate attribute 'max_fanout' found for instance 'rdPntr_reg[6]_rep__21' of module 'FDRE'.
Resolution: Check your design sources near the definition of the module or any related 'include files, looking for duplicate definitions with different values.
WARNING: [Synth 37-28] Duplicate attribute 'max_fanout' found for instance 'rdPntr_reg[5]_rep' of module 'FDRE'.
Resolution: Check your design sources near the definition of the module or any related 'include files, looking for duplicate definitions with different values.
WARNING: [Synth 37-28] Duplicate attribute 'max_fanout' found for instance 'rdPntr_reg[5]_rep__0' of module 'FDRE'.
Resolution: Check your design sources near the definition of the module or any related 'include files, looking for duplicate definitions with different values.
WARNING: [Synth 37-28] Duplicate attribute 'max_fanout' found for instance 'rdPntr_reg[5]_rep__1' of module 'FDRE'.
Resolution: Check your design sources near the definition of the module or any related 'include files, looking for duplicate definitions with different values.
WARNING: [Synth 37-28] Duplicate attribute 'max_fanout' found for instance 'rdPntr_reg[5]_rep__2' of module 'FDRE'.
Resolution: Check your design sources near the definition of the module or any related 'include files, looking for duplicate definitions with different values.
WARNING: [Synth 37-28] Duplicate attribute 'max_fanout' found for instance 'rdPntr_reg[5]_rep__3' of module 'FDRE'.
Resolution: Check your design sources near the definition of the module or any related 'include files, looking for duplicate definitions with different values.
WARNING: [Synth 37-28] Duplicate attribute 'max_fanout' found for instance 'rdPntr_reg[5]_rep__4' of module 'FDRE'.
Resolution: Check your design sources near the definition of the module or any related 'include files, looking for duplicate definitions with different values.
WARNING: [Synth 37-28] Duplicate attribute 'max_fanout' found for instance 'rdPntr_reg[5]_rep__5' of module 'FDRE'.
Resolution: Check your design sources near the definition of the module or any related 'include files, looking for duplicate definitions with different values.
WARNING: [Synth 37-28] Duplicate attribute 'max_fanout' found for instance 'rdPntr_reg[5]_rep__6' of module 'FDRE'.
Resolution: Check your design sources near the definition of the module or any related 'include files, looking for duplicate definitions with different values.
WARNING: [Synth 37-28] Duplicate attribute 'max_fanout' found for instance 'rdPntr_reg[5]_rep__7' of module 'FDRE'.
Resolution: Check your design sources near the definition of the module or any related 'include files, looking for duplicate definitions with different values.
WARNING: [Synth 37-28] Duplicate attribute 'max_fanout' found for instance 'rdPntr_reg[5]_rep__8' of module 'FDRE'.
Resolution: Check your design sources near the definition of the module or any related 'include files, looking for duplicate definitions with different values.
WARNING: [Synth 37-28] Duplicate attribute 'max_fanout' found for instance 'rdPntr_reg[5]_rep__9' of module 'FDRE'.
Resolution: Check your design sources near the definition of the module or any related 'include files, looking for duplicate definitions with different values.
WARNING: [Synth 37-28] Duplicate attribute 'max_fanout' found for instance 'rdPntr_reg[5]_rep__10' of module 'FDRE'.
Resolution: Check your design sources near the definition of the module or any related 'include files, looking for duplicate definitions with different values.
WARNING: [Synth 37-28] Duplicate attribute 'max_fanout' found for instance 'rdPntr_reg[5]_rep__11' of module 'FDRE'.
Resolution: Check your design sources near the definition of the module or any related 'include files, looking for duplicate definitions with different values.
WARNING: [Synth 37-28] Duplicate attribute 'max_fanout' found for instance 'rdPntr_reg[5]_rep__12' of module 'FDRE'.
Resolution: Check your design sources near the definition of the module or any related 'include files, looking for duplicate definitions with different values.
WARNING: [Synth 37-28] Duplicate attribute 'max_fanout' found for instance 'rdPntr_reg[5]_rep__13' of module 'FDRE'.
Resolution: Check your design sources near the definition of the module or any related 'include files, looking for duplicate definitions with different values.
WARNING: [Synth 37-28] Duplicate attribute 'max_fanout' found for instance 'rdPntr_reg[5]_rep__14' of module 'FDRE'.
Resolution: Check your design sources near the definition of the module or any related 'include files, looking for duplicate definitions with different values.
WARNING: [Synth 37-28] Duplicate attribute 'max_fanout' found for instance 'rdPntr_reg[5]_rep__15' of module 'FDRE'.
Resolution: Check your design sources near the definition of the module or any related 'include files, looking for duplicate definitions with different values.
WARNING: [Synth 37-28] Duplicate attribute 'max_fanout' found for instance 'rdPntr_reg[5]_rep__16' of module 'FDRE'.
Resolution: Check your design sources near the definition of the module or any related 'include files, looking for duplicate definitions with different values.
WARNING: [Synth 37-28] Duplicate attribute 'max_fanout' found for instance 'rdPntr_reg[5]_rep__17' of module 'FDRE'.
Resolution: Check your design sources near the definition of the module or any related 'include files, looking for duplicate definitions with different values.
WARNING: [Synth 37-28] Duplicate attribute 'max_fanout' found for instance 'rdPntr_reg[5]_rep__18' of module 'FDRE'.
Resolution: Check your design sources near the definition of the module or any related 'include files, looking for duplicate definitions with different values.
WARNING: [Synth 37-28] Duplicate attribute 'max_fanout' found for instance 'rdPntr_reg[5]_rep__19' of module 'FDRE'.
Resolution: Check your design sources near the definition of the module or any related 'include files, looking for duplicate definitions with different values.
WARNING: [Synth 37-28] Duplicate attribute 'max_fanout' found for instance 'rdPntr_reg[5]_rep__20' of module 'FDRE'.
Resolution: Check your design sources near the definition of the module or any related 'include files, looking for duplicate definitions with different values.
INFO: [Common 17-14] Message 'Synth 37-28' appears 100 times and further instances of the messages will be disabled. Use the Tcl command set_msg_config to change the current settings.
INFO: [Netlist 29-17] Analyzing 2047 Unisim elements for replacement
INFO: [Netlist 29-28] Unisim Transformation completed in 1 CPU seconds
INFO: [Project 1-570] Preparing netlist for logic optimization
Sourcing Tcl File [C:/Xilinx/Vivado/2017.4/data/ip/xpm/xpm_cdc/tcl/xpm_cdc_sync_rst.tcl] for cell 'inst/OB/U0/inst_fifo_gen/gaxis_fifo.gaxisf.axisf/grf.rf/rstblk/ngwrdrst.grst.g7serrst.gsckt_wrst.xpm_cdc_sync_rst_inst_wrst'
Finished Sourcing Tcl File [C:/Xilinx/Vivado/2017.4/data/ip/xpm/xpm_cdc/tcl/xpm_cdc_sync_rst.tcl] for cell 'inst/OB/U0/inst_fifo_gen/gaxis_fifo.gaxisf.axisf/grf.rf/rstblk/ngwrdrst.grst.g7serrst.gsckt_wrst.xpm_cdc_sync_rst_inst_wrst'
INFO: [Opt 31-138] Pushed 0 inverter(s) to 0 load pin(s).
INFO: [Project 1-111] Unisim Transformation Summary:
  A total of 1491 instances were transformed.
  (MUXCY,XORCY) => CARRY4: 51 instances
  RAM64M => RAM64M (RAMD64E, RAMD64E, RAMD64E, RAMD64E): 720 instances
  RAM64X1D => RAM64X1D (RAMD64E, RAMD64E): 720 instances

INFO: [Common 17-83] Releasing license: Synthesis
162 Infos, 220 Warnings, 0 Critical Warnings and 0 Errors encountered.
synth_design completed successfully
synth_design: Time (s): cpu = 00:03:21 ; elapsed = 00:03:49 . Memory (MB): peak = 927.887 ; gain = 689.215
INFO: [Common 17-1381] The checkpoint 'D:/GitCode/SketchSystem_Multi1080p/SketchSystem.runs/system_SketchIP_1080p_0_1_synth_1/system_SketchIP_1080p_0_1.dcp' has been generated.
